2021-04-05 23:06:46.403  INFO 1631 --- [restartedMain] com.example.jpa.SampleApplication        : Starting SampleApplication using Java 11.0.2 on macui-MacBookAir.local with PID 1631 (/Users/mac/Desktop/spring boot2/JPA/ch4/build/classes/java/main started by mac in /Users/mac/Desktop/spring boot2/JPA/ch4)
2021-04-05 23:06:46.687  INFO 1631 --- [restartedMain] com.example.jpa.SampleApplication        : No active profile set, falling back to default profiles: default
2021-04-05 23:06:47.300  INFO 1631 --- [restartedMain] .e.DevToolsPropertyDefaultsPostProcessor : Devtools property defaults active! Set 'spring.devtools.add-properties' to 'false' to disable
2021-04-05 23:06:47.300  INFO 1631 --- [restartedMain] .e.DevToolsPropertyDefaultsPostProcessor : For additional web related logging consider setting the 'logging.level.web' property to 'DEBUG'
2021-04-05 23:06:51.542  INFO 1631 --- [restartedMain] .s.d.r.c.RepositoryConfigurationDelegate : Bootstrapping Spring Data JPA repositories in DEFAULT mode.
2021-04-05 23:06:52.133  INFO 1631 --- [restartedMain] .s.d.r.c.RepositoryConfigurationDelegate : Finished Spring Data repository scanning in 520 ms. Found 15 JPA repository interfaces.
2021-04-05 23:06:55.928  INFO 1631 --- [restartedMain] o.s.b.w.embedded.tomcat.TomcatWebServer  : Tomcat initialized with port(s): 8080 (http)
2021-04-05 23:06:56.068  INFO 1631 --- [restartedMain] o.apache.catalina.core.StandardService   : Starting service [Tomcat]
2021-04-05 23:06:56.085  INFO 1631 --- [restartedMain] org.apache.catalina.core.StandardEngine  : Starting Servlet engine: [Apache Tomcat/9.0.41]
2021-04-05 23:06:56.583  INFO 1631 --- [restartedMain] o.a.c.c.C.[Tomcat].[localhost].[/]       : Initializing Spring embedded WebApplicationContext
2021-04-05 23:06:56.583  INFO 1631 --- [restartedMain] w.s.c.ServletWebServerApplicationContext : Root WebApplicationContext: initialization completed in 9281 ms
2021-04-05 23:06:57.199  INFO 1631 --- [restartedMain] com.zaxxer.hikari.HikariDataSource       : HikariPool-1 - Starting...
2021-04-05 23:06:58.153  INFO 1631 --- [restartedMain] com.zaxxer.hikari.HikariDataSource       : HikariPool-1 - Start completed.
2021-04-05 23:06:58.769  INFO 1631 --- [restartedMain] o.s.b.a.h2.H2ConsoleAutoConfiguration    : H2 console available at '/h2-console'. Database available at 'jdbc:h2:mem:backofficeDb'
2021-04-05 23:06:59.190  INFO 1631 --- [restartedMain] o.s.b.d.a.OptionalLiveReloadServer       : LiveReload server is running on port 35729
2021-04-05 23:06:59.521  INFO 1631 --- [restartedMain] o.hibernate.jpa.internal.util.LogHelper  : HHH000204: Processing PersistenceUnitInfo [name: default]
2021-04-05 23:06:59.895  INFO 1631 --- [restartedMain] org.hibernate.Version                    : HHH000412: Hibernate ORM core version 5.4.27.Final
2021-04-05 23:07:00.698  INFO 1631 --- [restartedMain] o.hibernate.annotations.common.Version   : HCANN000001: Hibernate Commons Annotations {5.1.2.Final}
2021-04-05 23:07:00.815 DEBUG 1631 --- [restartedMain] org.hibernate.type.BasicTypeRegistry     : Adding type registration boolean -> org.hibernate.type.BooleanType@301076f1
2021-04-05 23:07:00.815 DEBUG 1631 --- [restartedMain] org.hibernate.type.BasicTypeRegistry     : Adding type registration boolean -> org.hibernate.type.BooleanType@301076f1
2021-04-05 23:07:00.815 DEBUG 1631 --- [restartedMain] org.hibernate.type.BasicTypeRegistry     : Adding type registration java.lang.Boolean -> org.hibernate.type.BooleanType@301076f1
2021-04-05 23:07:00.819 DEBUG 1631 --- [restartedMain] org.hibernate.type.BasicTypeRegistry     : Adding type registration numeric_boolean -> org.hibernate.type.NumericBooleanType@2a00260a
2021-04-05 23:07:00.820 DEBUG 1631 --- [restartedMain] org.hibernate.type.BasicTypeRegistry     : Adding type registration true_false -> org.hibernate.type.TrueFalseType@2181f563
2021-04-05 23:07:00.822 DEBUG 1631 --- [restartedMain] org.hibernate.type.BasicTypeRegistry     : Adding type registration yes_no -> org.hibernate.type.YesNoType@4f271b6a
2021-04-05 23:07:00.824 DEBUG 1631 --- [restartedMain] org.hibernate.type.BasicTypeRegistry     : Adding type registration byte -> org.hibernate.type.ByteType@795fd2b8
2021-04-05 23:07:00.825 DEBUG 1631 --- [restartedMain] org.hibernate.type.BasicTypeRegistry     : Adding type registration byte -> org.hibernate.type.ByteType@795fd2b8
2021-04-05 23:07:00.827 DEBUG 1631 --- [restartedMain] org.hibernate.type.BasicTypeRegistry     : Adding type registration java.lang.Byte -> org.hibernate.type.ByteType@795fd2b8
2021-04-05 23:07:00.832 DEBUG 1631 --- [restartedMain] org.hibernate.type.BasicTypeRegistry     : Adding type registration character -> org.hibernate.type.CharacterType@4879a50f
2021-04-05 23:07:00.832 DEBUG 1631 --- [restartedMain] org.hibernate.type.BasicTypeRegistry     : Adding type registration char -> org.hibernate.type.CharacterType@4879a50f
2021-04-05 23:07:00.833 DEBUG 1631 --- [restartedMain] org.hibernate.type.BasicTypeRegistry     : Adding type registration java.lang.Character -> org.hibernate.type.CharacterType@4879a50f
2021-04-05 23:07:00.838 DEBUG 1631 --- [restartedMain] org.hibernate.type.BasicTypeRegistry     : Adding type registration short -> org.hibernate.type.ShortType@30686725
2021-04-05 23:07:00.839 DEBUG 1631 --- [restartedMain] org.hibernate.type.BasicTypeRegistry     : Adding type registration short -> org.hibernate.type.ShortType@30686725
2021-04-05 23:07:00.845 DEBUG 1631 --- [restartedMain] org.hibernate.type.BasicTypeRegistry     : Adding type registration java.lang.Short -> org.hibernate.type.ShortType@30686725
2021-04-05 23:07:00.849 DEBUG 1631 --- [restartedMain] org.hibernate.type.BasicTypeRegistry     : Adding type registration integer -> org.hibernate.type.IntegerType@4e5c9d3d
2021-04-05 23:07:00.850 DEBUG 1631 --- [restartedMain] org.hibernate.type.BasicTypeRegistry     : Adding type registration int -> org.hibernate.type.IntegerType@4e5c9d3d
2021-04-05 23:07:00.850 DEBUG 1631 --- [restartedMain] org.hibernate.type.BasicTypeRegistry     : Adding type registration java.lang.Integer -> org.hibernate.type.IntegerType@4e5c9d3d
2021-04-05 23:07:00.864 DEBUG 1631 --- [restartedMain] org.hibernate.type.BasicTypeRegistry     : Adding type registration long -> org.hibernate.type.LongType@5b3ab580
2021-04-05 23:07:00.864 DEBUG 1631 --- [restartedMain] org.hibernate.type.BasicTypeRegistry     : Adding type registration long -> org.hibernate.type.LongType@5b3ab580
2021-04-05 23:07:00.865 DEBUG 1631 --- [restartedMain] org.hibernate.type.BasicTypeRegistry     : Adding type registration java.lang.Long -> org.hibernate.type.LongType@5b3ab580
2021-04-05 23:07:00.869 DEBUG 1631 --- [restartedMain] org.hibernate.type.BasicTypeRegistry     : Adding type registration float -> org.hibernate.type.FloatType@1bd33406
2021-04-05 23:07:00.869 DEBUG 1631 --- [restartedMain] org.hibernate.type.BasicTypeRegistry     : Adding type registration float -> org.hibernate.type.FloatType@1bd33406
2021-04-05 23:07:00.869 DEBUG 1631 --- [restartedMain] org.hibernate.type.BasicTypeRegistry     : Adding type registration java.lang.Float -> org.hibernate.type.FloatType@1bd33406
2021-04-05 23:07:00.871 DEBUG 1631 --- [restartedMain] org.hibernate.type.BasicTypeRegistry     : Adding type registration double -> org.hibernate.type.DoubleType@41f0d05e
2021-04-05 23:07:00.872 DEBUG 1631 --- [restartedMain] org.hibernate.type.BasicTypeRegistry     : Adding type registration double -> org.hibernate.type.DoubleType@41f0d05e
2021-04-05 23:07:00.872 DEBUG 1631 --- [restartedMain] org.hibernate.type.BasicTypeRegistry     : Adding type registration java.lang.Double -> org.hibernate.type.DoubleType@41f0d05e
2021-04-05 23:07:00.874 DEBUG 1631 --- [restartedMain] org.hibernate.type.BasicTypeRegistry     : Adding type registration big_decimal -> org.hibernate.type.BigDecimalType@538ce9b0
2021-04-05 23:07:00.880 DEBUG 1631 --- [restartedMain] org.hibernate.type.BasicTypeRegistry     : Adding type registration java.math.BigDecimal -> org.hibernate.type.BigDecimalType@538ce9b0
2021-04-05 23:07:00.883 DEBUG 1631 --- [restartedMain] org.hibernate.type.BasicTypeRegistry     : Adding type registration big_integer -> org.hibernate.type.BigIntegerType@7265b1b5
2021-04-05 23:07:00.883 DEBUG 1631 --- [restartedMain] org.hibernate.type.BasicTypeRegistry     : Adding type registration java.math.BigInteger -> org.hibernate.type.BigIntegerType@7265b1b5
2021-04-05 23:07:00.885 DEBUG 1631 --- [restartedMain] org.hibernate.type.BasicTypeRegistry     : Adding type registration string -> org.hibernate.type.StringType@7cdcda78
2021-04-05 23:07:00.885 DEBUG 1631 --- [restartedMain] org.hibernate.type.BasicTypeRegistry     : Adding type registration java.lang.String -> org.hibernate.type.StringType@7cdcda78
2021-04-05 23:07:00.886 DEBUG 1631 --- [restartedMain] org.hibernate.type.BasicTypeRegistry     : Adding type registration nstring -> org.hibernate.type.StringNVarcharType@22259ea2
2021-04-05 23:07:00.888 DEBUG 1631 --- [restartedMain] org.hibernate.type.BasicTypeRegistry     : Adding type registration ncharacter -> org.hibernate.type.CharacterNCharType@5c678da1
2021-04-05 23:07:00.890 DEBUG 1631 --- [restartedMain] org.hibernate.type.BasicTypeRegistry     : Adding type registration url -> org.hibernate.type.UrlType@18446db7
2021-04-05 23:07:00.892 DEBUG 1631 --- [restartedMain] org.hibernate.type.BasicTypeRegistry     : Adding type registration java.net.URL -> org.hibernate.type.UrlType@18446db7
2021-04-05 23:07:00.904 DEBUG 1631 --- [restartedMain] org.hibernate.type.BasicTypeRegistry     : Adding type registration Duration -> org.hibernate.type.DurationType@4d49c7f9
2021-04-05 23:07:00.913 DEBUG 1631 --- [restartedMain] org.hibernate.type.BasicTypeRegistry     : Adding type registration java.time.Duration -> org.hibernate.type.DurationType@4d49c7f9
2021-04-05 23:07:00.915 DEBUG 1631 --- [restartedMain] org.hibernate.type.BasicTypeRegistry     : Adding type registration Instant -> org.hibernate.type.InstantType@331efdb0
2021-04-05 23:07:00.916 DEBUG 1631 --- [restartedMain] org.hibernate.type.BasicTypeRegistry     : Adding type registration java.time.Instant -> org.hibernate.type.InstantType@331efdb0
2021-04-05 23:07:00.918 DEBUG 1631 --- [restartedMain] org.hibernate.type.BasicTypeRegistry     : Adding type registration LocalDateTime -> org.hibernate.type.LocalDateTimeType@44b9b15
2021-04-05 23:07:00.919 DEBUG 1631 --- [restartedMain] org.hibernate.type.BasicTypeRegistry     : Adding type registration java.time.LocalDateTime -> org.hibernate.type.LocalDateTimeType@44b9b15
2021-04-05 23:07:00.923 DEBUG 1631 --- [restartedMain] org.hibernate.type.BasicTypeRegistry     : Adding type registration LocalDate -> org.hibernate.type.LocalDateType@266a6f63
2021-04-05 23:07:00.926 DEBUG 1631 --- [restartedMain] org.hibernate.type.BasicTypeRegistry     : Adding type registration java.time.LocalDate -> org.hibernate.type.LocalDateType@266a6f63
2021-04-05 23:07:00.929 DEBUG 1631 --- [restartedMain] org.hibernate.type.BasicTypeRegistry     : Adding type registration LocalTime -> org.hibernate.type.LocalTimeType@2b2f2635
2021-04-05 23:07:00.930 DEBUG 1631 --- [restartedMain] org.hibernate.type.BasicTypeRegistry     : Adding type registration java.time.LocalTime -> org.hibernate.type.LocalTimeType@2b2f2635
2021-04-05 23:07:00.933 DEBUG 1631 --- [restartedMain] org.hibernate.type.BasicTypeRegistry     : Adding type registration OffsetDateTime -> org.hibernate.type.OffsetDateTimeType@8edf3e8
2021-04-05 23:07:00.935 DEBUG 1631 --- [restartedMain] org.hibernate.type.BasicTypeRegistry     : Adding type registration java.time.OffsetDateTime -> org.hibernate.type.OffsetDateTimeType@8edf3e8
2021-04-05 23:07:00.942 DEBUG 1631 --- [restartedMain] org.hibernate.type.BasicTypeRegistry     : Adding type registration OffsetTime -> org.hibernate.type.OffsetTimeType@624fe152
2021-04-05 23:07:00.943 DEBUG 1631 --- [restartedMain] org.hibernate.type.BasicTypeRegistry     : Adding type registration java.time.OffsetTime -> org.hibernate.type.OffsetTimeType@624fe152
2021-04-05 23:07:00.946 DEBUG 1631 --- [restartedMain] org.hibernate.type.BasicTypeRegistry     : Adding type registration ZonedDateTime -> org.hibernate.type.ZonedDateTimeType@30bd00b1
2021-04-05 23:07:00.946 DEBUG 1631 --- [restartedMain] org.hibernate.type.BasicTypeRegistry     : Adding type registration java.time.ZonedDateTime -> org.hibernate.type.ZonedDateTimeType@30bd00b1
2021-04-05 23:07:00.949 DEBUG 1631 --- [restartedMain] org.hibernate.type.BasicTypeRegistry     : Adding type registration date -> org.hibernate.type.DateType@7138f97
2021-04-05 23:07:00.950 DEBUG 1631 --- [restartedMain] org.hibernate.type.BasicTypeRegistry     : Adding type registration java.sql.Date -> org.hibernate.type.DateType@7138f97
2021-04-05 23:07:00.951 DEBUG 1631 --- [restartedMain] org.hibernate.type.BasicTypeRegistry     : Adding type registration time -> org.hibernate.type.TimeType@529fbd58
2021-04-05 23:07:00.951 DEBUG 1631 --- [restartedMain] org.hibernate.type.BasicTypeRegistry     : Adding type registration java.sql.Time -> org.hibernate.type.TimeType@529fbd58
2021-04-05 23:07:00.953 DEBUG 1631 --- [restartedMain] org.hibernate.type.BasicTypeRegistry     : Adding type registration timestamp -> org.hibernate.type.TimestampType@1b58c0af
2021-04-05 23:07:00.953 DEBUG 1631 --- [restartedMain] org.hibernate.type.BasicTypeRegistry     : Adding type registration java.sql.Timestamp -> org.hibernate.type.TimestampType@1b58c0af
2021-04-05 23:07:00.955 DEBUG 1631 --- [restartedMain] org.hibernate.type.BasicTypeRegistry     : Adding type registration java.util.Date -> org.hibernate.type.TimestampType@1b58c0af
2021-04-05 23:07:00.959 DEBUG 1631 --- [restartedMain] org.hibernate.type.BasicTypeRegistry     : Adding type registration dbtimestamp -> org.hibernate.type.DbTimestampType@3aecdfe5
2021-04-05 23:07:00.963 DEBUG 1631 --- [restartedMain] org.hibernate.type.BasicTypeRegistry     : Adding type registration calendar -> org.hibernate.type.CalendarType@60c37d5f
2021-04-05 23:07:00.963 DEBUG 1631 --- [restartedMain] org.hibernate.type.BasicTypeRegistry     : Adding type registration java.util.Calendar -> org.hibernate.type.CalendarType@60c37d5f
2021-04-05 23:07:00.963 DEBUG 1631 --- [restartedMain] org.hibernate.type.BasicTypeRegistry     : Adding type registration java.util.GregorianCalendar -> org.hibernate.type.CalendarType@60c37d5f
2021-04-05 23:07:00.965 DEBUG 1631 --- [restartedMain] org.hibernate.type.BasicTypeRegistry     : Adding type registration calendar_date -> org.hibernate.type.CalendarDateType@57508f4d
2021-04-05 23:07:00.966 DEBUG 1631 --- [restartedMain] org.hibernate.type.BasicTypeRegistry     : Adding type registration calendar_time -> org.hibernate.type.CalendarTimeType@3d3d530f
2021-04-05 23:07:00.980 DEBUG 1631 --- [restartedMain] org.hibernate.type.BasicTypeRegistry     : Adding type registration locale -> org.hibernate.type.LocaleType@63702528
2021-04-05 23:07:01.011 DEBUG 1631 --- [restartedMain] org.hibernate.type.BasicTypeRegistry     : Adding type registration java.util.Locale -> org.hibernate.type.LocaleType@63702528
2021-04-05 23:07:01.018 DEBUG 1631 --- [restartedMain] org.hibernate.type.BasicTypeRegistry     : Adding type registration currency -> org.hibernate.type.CurrencyType@2fdcde38
2021-04-05 23:07:01.023 DEBUG 1631 --- [restartedMain] org.hibernate.type.BasicTypeRegistry     : Adding type registration java.util.Currency -> org.hibernate.type.CurrencyType@2fdcde38
2021-04-05 23:07:01.028 DEBUG 1631 --- [restartedMain] org.hibernate.type.BasicTypeRegistry     : Adding type registration timezone -> org.hibernate.type.TimeZoneType@5cc93431
2021-04-05 23:07:01.030 DEBUG 1631 --- [restartedMain] org.hibernate.type.BasicTypeRegistry     : Adding type registration java.util.TimeZone -> org.hibernate.type.TimeZoneType@5cc93431
2021-04-05 23:07:01.032 DEBUG 1631 --- [restartedMain] org.hibernate.type.BasicTypeRegistry     : Adding type registration class -> org.hibernate.type.ClassType@7a5cdeee
2021-04-05 23:07:01.035 DEBUG 1631 --- [restartedMain] org.hibernate.type.BasicTypeRegistry     : Adding type registration java.lang.Class -> org.hibernate.type.ClassType@7a5cdeee
2021-04-05 23:07:01.038 DEBUG 1631 --- [restartedMain] org.hibernate.type.BasicTypeRegistry     : Adding type registration uuid-binary -> org.hibernate.type.UUIDBinaryType@b0cda27
2021-04-05 23:07:01.038 DEBUG 1631 --- [restartedMain] org.hibernate.type.BasicTypeRegistry     : Adding type registration java.util.UUID -> org.hibernate.type.UUIDBinaryType@b0cda27
2021-04-05 23:07:01.042 DEBUG 1631 --- [restartedMain] org.hibernate.type.BasicTypeRegistry     : Adding type registration uuid-char -> org.hibernate.type.UUIDCharType@2c0712e0
2021-04-05 23:07:01.048 DEBUG 1631 --- [restartedMain] org.hibernate.type.BasicTypeRegistry     : Adding type registration binary -> org.hibernate.type.BinaryType@48b1dd
2021-04-05 23:07:01.052 DEBUG 1631 --- [restartedMain] org.hibernate.type.BasicTypeRegistry     : Adding type registration byte[] -> org.hibernate.type.BinaryType@48b1dd
2021-04-05 23:07:01.053 DEBUG 1631 --- [restartedMain] org.hibernate.type.BasicTypeRegistry     : Adding type registration [B -> org.hibernate.type.BinaryType@48b1dd
2021-04-05 23:07:01.080 DEBUG 1631 --- [restartedMain] org.hibernate.type.BasicTypeRegistry     : Adding type registration wrapper-binary -> org.hibernate.type.WrapperBinaryType@5c1a12ab
2021-04-05 23:07:01.080 DEBUG 1631 --- [restartedMain] org.hibernate.type.BasicTypeRegistry     : Adding type registration Byte[] -> org.hibernate.type.WrapperBinaryType@5c1a12ab
2021-04-05 23:07:01.081 DEBUG 1631 --- [restartedMain] org.hibernate.type.BasicTypeRegistry     : Adding type registration [Ljava.lang.Byte; -> org.hibernate.type.WrapperBinaryType@5c1a12ab
2021-04-05 23:07:01.088 DEBUG 1631 --- [restartedMain] org.hibernate.type.BasicTypeRegistry     : Adding type registration row_version -> org.hibernate.type.RowVersionType@78369d4
2021-04-05 23:07:01.090 DEBUG 1631 --- [restartedMain] org.hibernate.type.BasicTypeRegistry     : Adding type registration image -> org.hibernate.type.ImageType@38b400d5
2021-04-05 23:07:01.102 DEBUG 1631 --- [restartedMain] org.hibernate.type.BasicTypeRegistry     : Adding type registration characters -> org.hibernate.type.CharArrayType@55058ee1
2021-04-05 23:07:01.102 DEBUG 1631 --- [restartedMain] org.hibernate.type.BasicTypeRegistry     : Adding type registration char[] -> org.hibernate.type.CharArrayType@55058ee1
2021-04-05 23:07:01.102 DEBUG 1631 --- [restartedMain] org.hibernate.type.BasicTypeRegistry     : Adding type registration [C -> org.hibernate.type.CharArrayType@55058ee1
2021-04-05 23:07:01.114 DEBUG 1631 --- [restartedMain] org.hibernate.type.BasicTypeRegistry     : Adding type registration wrapper-characters -> org.hibernate.type.CharacterArrayType@2cc75d5a
2021-04-05 23:07:01.114 DEBUG 1631 --- [restartedMain] org.hibernate.type.BasicTypeRegistry     : Adding type registration [Ljava.lang.Character; -> org.hibernate.type.CharacterArrayType@2cc75d5a
2021-04-05 23:07:01.115 DEBUG 1631 --- [restartedMain] org.hibernate.type.BasicTypeRegistry     : Adding type registration Character[] -> org.hibernate.type.CharacterArrayType@2cc75d5a
2021-04-05 23:07:01.115 DEBUG 1631 --- [restartedMain] org.hibernate.type.BasicTypeRegistry     : Adding type registration text -> org.hibernate.type.TextType@48fef6ca
2021-04-05 23:07:01.116 DEBUG 1631 --- [restartedMain] org.hibernate.type.BasicTypeRegistry     : Adding type registration ntext -> org.hibernate.type.NTextType@441b9664
2021-04-05 23:07:01.122 DEBUG 1631 --- [restartedMain] org.hibernate.type.BasicTypeRegistry     : Adding type registration blob -> org.hibernate.type.BlobType@74fa2da2
2021-04-05 23:07:01.129 DEBUG 1631 --- [restartedMain] org.hibernate.type.BasicTypeRegistry     : Adding type registration java.sql.Blob -> org.hibernate.type.BlobType@74fa2da2
2021-04-05 23:07:01.131 DEBUG 1631 --- [restartedMain] org.hibernate.type.BasicTypeRegistry     : Adding type registration materialized_blob -> org.hibernate.type.MaterializedBlobType@1d9f0980
2021-04-05 23:07:01.135 DEBUG 1631 --- [restartedMain] org.hibernate.type.BasicTypeRegistry     : Adding type registration clob -> org.hibernate.type.ClobType@741f007
2021-04-05 23:07:01.135 DEBUG 1631 --- [restartedMain] org.hibernate.type.BasicTypeRegistry     : Adding type registration java.sql.Clob -> org.hibernate.type.ClobType@741f007
2021-04-05 23:07:01.137 DEBUG 1631 --- [restartedMain] org.hibernate.type.BasicTypeRegistry     : Adding type registration nclob -> org.hibernate.type.NClobType@7bc60b64
2021-04-05 23:07:01.137 DEBUG 1631 --- [restartedMain] org.hibernate.type.BasicTypeRegistry     : Adding type registration java.sql.NClob -> org.hibernate.type.NClobType@7bc60b64
2021-04-05 23:07:01.138 DEBUG 1631 --- [restartedMain] org.hibernate.type.BasicTypeRegistry     : Adding type registration materialized_clob -> org.hibernate.type.MaterializedClobType@23cdb852
2021-04-05 23:07:01.139 DEBUG 1631 --- [restartedMain] org.hibernate.type.BasicTypeRegistry     : Adding type registration materialized_nclob -> org.hibernate.type.MaterializedNClobType@37d43d15
2021-04-05 23:07:01.147 DEBUG 1631 --- [restartedMain] org.hibernate.type.BasicTypeRegistry     : Adding type registration serializable -> org.hibernate.type.SerializableType@645feeae
2021-04-05 23:07:01.161 DEBUG 1631 --- [restartedMain] org.hibernate.type.BasicTypeRegistry     : Adding type registration object -> org.hibernate.type.ObjectType@1a44604a
2021-04-05 23:07:01.162 DEBUG 1631 --- [restartedMain] org.hibernate.type.BasicTypeRegistry     : Adding type registration java.lang.Object -> org.hibernate.type.ObjectType@1a44604a
2021-04-05 23:07:01.164 DEBUG 1631 --- [restartedMain] org.hibernate.type.BasicTypeRegistry     : Adding type registration imm_date -> org.hibernate.type.AdaptedImmutableType@51018b7a
2021-04-05 23:07:01.164 DEBUG 1631 --- [restartedMain] org.hibernate.type.BasicTypeRegistry     : Adding type registration imm_time -> org.hibernate.type.AdaptedImmutableType@470529c9
2021-04-05 23:07:01.164 DEBUG 1631 --- [restartedMain] org.hibernate.type.BasicTypeRegistry     : Adding type registration imm_timestamp -> org.hibernate.type.AdaptedImmutableType@51fde4b0
2021-04-05 23:07:01.165 DEBUG 1631 --- [restartedMain] org.hibernate.type.BasicTypeRegistry     : Adding type registration imm_dbtimestamp -> org.hibernate.type.AdaptedImmutableType@4e1c8898
2021-04-05 23:07:01.165 DEBUG 1631 --- [restartedMain] org.hibernate.type.BasicTypeRegistry     : Adding type registration imm_calendar -> org.hibernate.type.AdaptedImmutableType@139b807a
2021-04-05 23:07:01.285 DEBUG 1631 --- [restartedMain] org.hibernate.type.BasicTypeRegistry     : Adding type registration imm_calendar_date -> org.hibernate.type.AdaptedImmutableType@7dbeb8a1
2021-04-05 23:07:01.301 DEBUG 1631 --- [restartedMain] org.hibernate.type.BasicTypeRegistry     : Adding type registration imm_binary -> org.hibernate.type.AdaptedImmutableType@43581bc2
2021-04-05 23:07:01.301 DEBUG 1631 --- [restartedMain] org.hibernate.type.BasicTypeRegistry     : Adding type registration imm_serializable -> org.hibernate.type.AdaptedImmutableType@69aa1379
2021-04-05 23:07:01.578  INFO 1631 --- [restartedMain] org.hibernate.dialect.Dialect            : HHH000400: Using dialect: org.hibernate.dialect.H2Dialect
2021-04-05 23:07:02.095 DEBUG 1631 --- [restartedMain] o.h.type.spi.TypeConfiguration$Scope     : Scoping TypeConfiguration [org.hibernate.type.spi.TypeConfiguration@51094f08] to MetadataBuildingContext [org.hibernate.boot.internal.MetadataBuildingContextRootImpl@37eec732]
2021-04-05 23:07:02.979 DEBUG 1631 --- [restartedMain] org.hibernate.type.EnumType              : Using ORDINAL-based conversion for Enum com.example.jpa.user.model.UserStatus
2021-04-05 23:07:02.987 DEBUG 1631 --- [restartedMain] org.hibernate.type.EnumType              : Using NAMED-based conversion for Enum com.example.jpa.user.model.UserPointType
2021-04-05 23:07:03.591 DEBUG 1631 --- [restartedMain] o.h.type.spi.TypeConfiguration$Scope     : Scoping TypeConfiguration [org.hibernate.type.spi.TypeConfiguration@51094f08] to SessionFactoryImpl [org.hibernate.internal.SessionFactoryImpl@6131c735]
2021-04-05 23:07:07.066  INFO 1631 --- [restartedMain] o.h.e.t.j.p.i.JtaPlatformInitiator       : HHH000490: Using JtaPlatform implementation: [org.hibernate.engine.transaction.jta.platform.internal.NoJtaPlatform]
2021-04-05 23:07:07.088 TRACE 1631 --- [restartedMain] o.h.type.spi.TypeConfiguration$Scope     : Handling #sessionFactoryCreated from [org.hibernate.internal.SessionFactoryImpl@6131c735] for TypeConfiguration
2021-04-05 23:07:07.092  INFO 1631 --- [restartedMain] j.LocalContainerEntityManagerFactoryBean : Initialized JPA EntityManagerFactory for persistence unit 'default'
2021-04-05 23:07:13.213  WARN 1631 --- [restartedMain] JpaBaseConfiguration$JpaWebConfiguration : spring.jpa.open-in-view is enabled by default. Therefore, database queries may be performed during view rendering. Explicitly configure spring.jpa.open-in-view to disable this warning
2021-04-05 23:07:14.346  INFO 1631 --- [restartedMain] .s.s.UserDetailsServiceAutoConfiguration : 

Using generated security password: f30ff9cb-8c03-4630-8f07-bc2731ea352b

2021-04-05 23:07:15.758  INFO 1631 --- [restartedMain] o.s.s.web.DefaultSecurityFilterChain     : Will secure any request with [org.springframework.security.web.context.request.async.WebAsyncManagerIntegrationFilter@47b92d63, org.springframework.security.web.context.SecurityContextPersistenceFilter@51b36d0c, org.springframework.security.web.header.HeaderWriterFilter@6b838364, org.springframework.security.web.authentication.logout.LogoutFilter@441fb5e2, org.springframework.security.web.savedrequest.RequestCacheAwareFilter@2dc98d5, org.springframework.security.web.servletapi.SecurityContextHolderAwareRequestFilter@59ff507b, org.springframework.security.web.authentication.AnonymousAuthenticationFilter@4b137cd6, org.springframework.security.web.session.SessionManagementFilter@6e5656c7, org.springframework.security.web.access.ExceptionTranslationFilter@638e9ba4, org.springframework.security.web.access.intercept.FilterSecurityInterceptor@595e5f51]
2021-04-05 23:07:16.398  INFO 1631 --- [restartedMain] o.s.s.concurrent.ThreadPoolTaskExecutor  : Initializing ExecutorService 'applicationTaskExecutor'
2021-04-05 23:07:17.753  INFO 1631 --- [restartedMain] o.s.b.w.embedded.tomcat.TomcatWebServer  : Tomcat started on port(s): 8080 (http) with context path ''
2021-04-05 23:07:17.875  INFO 1631 --- [restartedMain] com.example.jpa.SampleApplication        : Started SampleApplication in 38.557 seconds (JVM running for 40.174)
2021-04-05 23:08:07.888  INFO 1631 --- [http-nio-8080-exec-2] o.a.c.c.C.[Tomcat].[localhost].[/]       : Initializing Spring DispatcherServlet 'dispatcherServlet'
2021-04-05 23:08:07.890  INFO 1631 --- [http-nio-8080-exec-2] o.s.web.servlet.DispatcherServlet        : Initializing Servlet 'dispatcherServlet'
2021-04-05 23:08:07.895  INFO 1631 --- [http-nio-8080-exec-2] o.s.web.servlet.DispatcherServlet        : Completed initialization in 4 ms
2021-04-05 23:08:23.314  INFO 1631 --- [SpringContextShutdownHook] o.s.s.concurrent.ThreadPoolTaskExecutor  : Shutting down ExecutorService 'applicationTaskExecutor'
2021-04-05 23:08:23.325  INFO 1631 --- [SpringContextShutdownHook] j.LocalContainerEntityManagerFactoryBean : Closing JPA EntityManagerFactory for persistence unit 'default'
2021-04-05 23:08:23.326 TRACE 1631 --- [SpringContextShutdownHook] o.h.type.spi.TypeConfiguration$Scope     : Handling #sessionFactoryClosed from [org.hibernate.internal.SessionFactoryImpl@6131c735] for TypeConfiguration
2021-04-05 23:08:23.326 DEBUG 1631 --- [SpringContextShutdownHook] o.h.type.spi.TypeConfiguration$Scope     : Un-scoping TypeConfiguration [org.hibernate.type.spi.TypeConfiguration$Scope@116d47da] from SessionFactory [org.hibernate.internal.SessionFactoryImpl@6131c735]
2021-04-05 23:08:23.605  WARN 1631 --- [SpringContextShutdownHook] o.s.b.f.support.DisposableBeanAdapter    : Invocation of destroy method failed on bean with name 'inMemoryDatabaseShutdownExecutor': org.h2.jdbc.JdbcSQLNonTransientConnectionException: Database is already closed (to disable automatic closing at VM shutdown, add ";DB_CLOSE_ON_EXIT=FALSE" to the db URL) [90121-200]
2021-04-05 23:08:23.607  INFO 1631 --- [SpringContextShutdownHook] com.zaxxer.hikari.HikariDataSource       : HikariPool-1 - Shutdown initiated...
2021-04-05 23:08:23.614  INFO 1631 --- [SpringContextShutdownHook] com.zaxxer.hikari.HikariDataSource       : HikariPool-1 - Shutdown completed.
2021-04-05 23:08:29.032  INFO 1672 --- [restartedMain] com.example.jpa.SampleApplication        : Starting SampleApplication using Java 11.0.2 on macui-MacBookAir.local with PID 1672 (/Users/mac/Desktop/spring boot2/JPA/ch4/build/classes/java/main started by mac in /Users/mac/Desktop/spring boot2/JPA/ch4)
2021-04-05 23:08:29.039  INFO 1672 --- [restartedMain] com.example.jpa.SampleApplication        : No active profile set, falling back to default profiles: default
2021-04-05 23:08:29.148  INFO 1672 --- [restartedMain] .e.DevToolsPropertyDefaultsPostProcessor : Devtools property defaults active! Set 'spring.devtools.add-properties' to 'false' to disable
2021-04-05 23:08:29.148  INFO 1672 --- [restartedMain] .e.DevToolsPropertyDefaultsPostProcessor : For additional web related logging consider setting the 'logging.level.web' property to 'DEBUG'
2021-04-05 23:08:30.607  INFO 1672 --- [restartedMain] .s.d.r.c.RepositoryConfigurationDelegate : Bootstrapping Spring Data JPA repositories in DEFAULT mode.
2021-04-05 23:08:30.843  INFO 1672 --- [restartedMain] .s.d.r.c.RepositoryConfigurationDelegate : Finished Spring Data repository scanning in 214 ms. Found 15 JPA repository interfaces.
2021-04-05 23:08:32.342  INFO 1672 --- [restartedMain] o.s.b.w.embedded.tomcat.TomcatWebServer  : Tomcat initialized with port(s): 8080 (http)
2021-04-05 23:08:32.364  INFO 1672 --- [restartedMain] o.apache.catalina.core.StandardService   : Starting service [Tomcat]
2021-04-05 23:08:32.365  INFO 1672 --- [restartedMain] org.apache.catalina.core.StandardEngine  : Starting Servlet engine: [Apache Tomcat/9.0.41]
2021-04-05 23:08:32.509  INFO 1672 --- [restartedMain] o.a.c.c.C.[Tomcat].[localhost].[/]       : Initializing Spring embedded WebApplicationContext
2021-04-05 23:08:32.510  INFO 1672 --- [restartedMain] w.s.c.ServletWebServerApplicationContext : Root WebApplicationContext: initialization completed in 3361 ms
2021-04-05 23:08:32.648  INFO 1672 --- [restartedMain] com.zaxxer.hikari.HikariDataSource       : HikariPool-1 - Starting...
2021-04-05 23:08:32.955  INFO 1672 --- [restartedMain] com.zaxxer.hikari.HikariDataSource       : HikariPool-1 - Start completed.
2021-04-05 23:08:33.177  INFO 1672 --- [restartedMain] o.s.b.a.h2.H2ConsoleAutoConfiguration    : H2 console available at '/h2-console'. Database available at 'jdbc:h2:mem:backofficeDb'
2021-04-05 23:08:33.364  INFO 1672 --- [restartedMain] o.s.b.d.a.OptionalLiveReloadServer       : LiveReload server is running on port 35729
2021-04-05 23:08:33.553  INFO 1672 --- [restartedMain] o.hibernate.jpa.internal.util.LogHelper  : HHH000204: Processing PersistenceUnitInfo [name: default]
2021-04-05 23:08:33.656  INFO 1672 --- [restartedMain] org.hibernate.Version                    : HHH000412: Hibernate ORM core version 5.4.27.Final
2021-04-05 23:08:34.031  INFO 1672 --- [restartedMain] o.hibernate.annotations.common.Version   : HCANN000001: Hibernate Commons Annotations {5.1.2.Final}
2021-04-05 23:08:34.086 DEBUG 1672 --- [restartedMain] org.hibernate.type.BasicTypeRegistry     : Adding type registration boolean -> org.hibernate.type.BooleanType@726f49b4
2021-04-05 23:08:34.086 DEBUG 1672 --- [restartedMain] org.hibernate.type.BasicTypeRegistry     : Adding type registration boolean -> org.hibernate.type.BooleanType@726f49b4
2021-04-05 23:08:34.087 DEBUG 1672 --- [restartedMain] org.hibernate.type.BasicTypeRegistry     : Adding type registration java.lang.Boolean -> org.hibernate.type.BooleanType@726f49b4
2021-04-05 23:08:34.089 DEBUG 1672 --- [restartedMain] org.hibernate.type.BasicTypeRegistry     : Adding type registration numeric_boolean -> org.hibernate.type.NumericBooleanType@abe72c8
2021-04-05 23:08:34.090 DEBUG 1672 --- [restartedMain] org.hibernate.type.BasicTypeRegistry     : Adding type registration true_false -> org.hibernate.type.TrueFalseType@635330c6
2021-04-05 23:08:34.091 DEBUG 1672 --- [restartedMain] org.hibernate.type.BasicTypeRegistry     : Adding type registration yes_no -> org.hibernate.type.YesNoType@15e67f5
2021-04-05 23:08:34.093 DEBUG 1672 --- [restartedMain] org.hibernate.type.BasicTypeRegistry     : Adding type registration byte -> org.hibernate.type.ByteType@425388e3
2021-04-05 23:08:34.094 DEBUG 1672 --- [restartedMain] org.hibernate.type.BasicTypeRegistry     : Adding type registration byte -> org.hibernate.type.ByteType@425388e3
2021-04-05 23:08:34.095 DEBUG 1672 --- [restartedMain] org.hibernate.type.BasicTypeRegistry     : Adding type registration java.lang.Byte -> org.hibernate.type.ByteType@425388e3
2021-04-05 23:08:34.096 DEBUG 1672 --- [restartedMain] org.hibernate.type.BasicTypeRegistry     : Adding type registration character -> org.hibernate.type.CharacterType@95083e
2021-04-05 23:08:34.097 DEBUG 1672 --- [restartedMain] org.hibernate.type.BasicTypeRegistry     : Adding type registration char -> org.hibernate.type.CharacterType@95083e
2021-04-05 23:08:34.097 DEBUG 1672 --- [restartedMain] org.hibernate.type.BasicTypeRegistry     : Adding type registration java.lang.Character -> org.hibernate.type.CharacterType@95083e
2021-04-05 23:08:34.099 DEBUG 1672 --- [restartedMain] org.hibernate.type.BasicTypeRegistry     : Adding type registration short -> org.hibernate.type.ShortType@39a4fe31
2021-04-05 23:08:34.100 DEBUG 1672 --- [restartedMain] org.hibernate.type.BasicTypeRegistry     : Adding type registration short -> org.hibernate.type.ShortType@39a4fe31
2021-04-05 23:08:34.100 DEBUG 1672 --- [restartedMain] org.hibernate.type.BasicTypeRegistry     : Adding type registration java.lang.Short -> org.hibernate.type.ShortType@39a4fe31
2021-04-05 23:08:34.102 DEBUG 1672 --- [restartedMain] org.hibernate.type.BasicTypeRegistry     : Adding type registration integer -> org.hibernate.type.IntegerType@6bfbf591
2021-04-05 23:08:34.102 DEBUG 1672 --- [restartedMain] org.hibernate.type.BasicTypeRegistry     : Adding type registration int -> org.hibernate.type.IntegerType@6bfbf591
2021-04-05 23:08:34.102 DEBUG 1672 --- [restartedMain] org.hibernate.type.BasicTypeRegistry     : Adding type registration java.lang.Integer -> org.hibernate.type.IntegerType@6bfbf591
2021-04-05 23:08:34.104 DEBUG 1672 --- [restartedMain] org.hibernate.type.BasicTypeRegistry     : Adding type registration long -> org.hibernate.type.LongType@6d32e9f
2021-04-05 23:08:34.104 DEBUG 1672 --- [restartedMain] org.hibernate.type.BasicTypeRegistry     : Adding type registration long -> org.hibernate.type.LongType@6d32e9f
2021-04-05 23:08:34.104 DEBUG 1672 --- [restartedMain] org.hibernate.type.BasicTypeRegistry     : Adding type registration java.lang.Long -> org.hibernate.type.LongType@6d32e9f
2021-04-05 23:08:34.106 DEBUG 1672 --- [restartedMain] org.hibernate.type.BasicTypeRegistry     : Adding type registration float -> org.hibernate.type.FloatType@32a858fb
2021-04-05 23:08:34.107 DEBUG 1672 --- [restartedMain] org.hibernate.type.BasicTypeRegistry     : Adding type registration float -> org.hibernate.type.FloatType@32a858fb
2021-04-05 23:08:34.107 DEBUG 1672 --- [restartedMain] org.hibernate.type.BasicTypeRegistry     : Adding type registration java.lang.Float -> org.hibernate.type.FloatType@32a858fb
2021-04-05 23:08:34.108 DEBUG 1672 --- [restartedMain] org.hibernate.type.BasicTypeRegistry     : Adding type registration double -> org.hibernate.type.DoubleType@180250e5
2021-04-05 23:08:34.109 DEBUG 1672 --- [restartedMain] org.hibernate.type.BasicTypeRegistry     : Adding type registration double -> org.hibernate.type.DoubleType@180250e5
2021-04-05 23:08:34.110 DEBUG 1672 --- [restartedMain] org.hibernate.type.BasicTypeRegistry     : Adding type registration java.lang.Double -> org.hibernate.type.DoubleType@180250e5
2021-04-05 23:08:34.111 DEBUG 1672 --- [restartedMain] org.hibernate.type.BasicTypeRegistry     : Adding type registration big_decimal -> org.hibernate.type.BigDecimalType@7b97c53c
2021-04-05 23:08:34.112 DEBUG 1672 --- [restartedMain] org.hibernate.type.BasicTypeRegistry     : Adding type registration java.math.BigDecimal -> org.hibernate.type.BigDecimalType@7b97c53c
2021-04-05 23:08:34.113 DEBUG 1672 --- [restartedMain] org.hibernate.type.BasicTypeRegistry     : Adding type registration big_integer -> org.hibernate.type.BigIntegerType@796ca429
2021-04-05 23:08:34.114 DEBUG 1672 --- [restartedMain] org.hibernate.type.BasicTypeRegistry     : Adding type registration java.math.BigInteger -> org.hibernate.type.BigIntegerType@796ca429
2021-04-05 23:08:34.116 DEBUG 1672 --- [restartedMain] org.hibernate.type.BasicTypeRegistry     : Adding type registration string -> org.hibernate.type.StringType@2d2d5943
2021-04-05 23:08:34.116 DEBUG 1672 --- [restartedMain] org.hibernate.type.BasicTypeRegistry     : Adding type registration java.lang.String -> org.hibernate.type.StringType@2d2d5943
2021-04-05 23:08:34.117 DEBUG 1672 --- [restartedMain] org.hibernate.type.BasicTypeRegistry     : Adding type registration nstring -> org.hibernate.type.StringNVarcharType@3f4b95ae
2021-04-05 23:08:34.118 DEBUG 1672 --- [restartedMain] org.hibernate.type.BasicTypeRegistry     : Adding type registration ncharacter -> org.hibernate.type.CharacterNCharType@271f02f3
2021-04-05 23:08:34.120 DEBUG 1672 --- [restartedMain] org.hibernate.type.BasicTypeRegistry     : Adding type registration url -> org.hibernate.type.UrlType@3cb622ce
2021-04-05 23:08:34.121 DEBUG 1672 --- [restartedMain] org.hibernate.type.BasicTypeRegistry     : Adding type registration java.net.URL -> org.hibernate.type.UrlType@3cb622ce
2021-04-05 23:08:34.123 DEBUG 1672 --- [restartedMain] org.hibernate.type.BasicTypeRegistry     : Adding type registration Duration -> org.hibernate.type.DurationType@7ddcc36b
2021-04-05 23:08:34.123 DEBUG 1672 --- [restartedMain] org.hibernate.type.BasicTypeRegistry     : Adding type registration java.time.Duration -> org.hibernate.type.DurationType@7ddcc36b
2021-04-05 23:08:34.125 DEBUG 1672 --- [restartedMain] org.hibernate.type.BasicTypeRegistry     : Adding type registration Instant -> org.hibernate.type.InstantType@5b2aef70
2021-04-05 23:08:34.126 DEBUG 1672 --- [restartedMain] org.hibernate.type.BasicTypeRegistry     : Adding type registration java.time.Instant -> org.hibernate.type.InstantType@5b2aef70
2021-04-05 23:08:34.128 DEBUG 1672 --- [restartedMain] org.hibernate.type.BasicTypeRegistry     : Adding type registration LocalDateTime -> org.hibernate.type.LocalDateTimeType@18442d92
2021-04-05 23:08:34.129 DEBUG 1672 --- [restartedMain] org.hibernate.type.BasicTypeRegistry     : Adding type registration java.time.LocalDateTime -> org.hibernate.type.LocalDateTimeType@18442d92
2021-04-05 23:08:34.131 DEBUG 1672 --- [restartedMain] org.hibernate.type.BasicTypeRegistry     : Adding type registration LocalDate -> org.hibernate.type.LocalDateType@b76a97
2021-04-05 23:08:34.131 DEBUG 1672 --- [restartedMain] org.hibernate.type.BasicTypeRegistry     : Adding type registration java.time.LocalDate -> org.hibernate.type.LocalDateType@b76a97
2021-04-05 23:08:34.133 DEBUG 1672 --- [restartedMain] org.hibernate.type.BasicTypeRegistry     : Adding type registration LocalTime -> org.hibernate.type.LocalTimeType@1e737ae2
2021-04-05 23:08:34.133 DEBUG 1672 --- [restartedMain] org.hibernate.type.BasicTypeRegistry     : Adding type registration java.time.LocalTime -> org.hibernate.type.LocalTimeType@1e737ae2
2021-04-05 23:08:34.135 DEBUG 1672 --- [restartedMain] org.hibernate.type.BasicTypeRegistry     : Adding type registration OffsetDateTime -> org.hibernate.type.OffsetDateTimeType@2da1abca
2021-04-05 23:08:34.136 DEBUG 1672 --- [restartedMain] org.hibernate.type.BasicTypeRegistry     : Adding type registration java.time.OffsetDateTime -> org.hibernate.type.OffsetDateTimeType@2da1abca
2021-04-05 23:08:34.138 DEBUG 1672 --- [restartedMain] org.hibernate.type.BasicTypeRegistry     : Adding type registration OffsetTime -> org.hibernate.type.OffsetTimeType@78a183fc
2021-04-05 23:08:34.138 DEBUG 1672 --- [restartedMain] org.hibernate.type.BasicTypeRegistry     : Adding type registration java.time.OffsetTime -> org.hibernate.type.OffsetTimeType@78a183fc
2021-04-05 23:08:34.141 DEBUG 1672 --- [restartedMain] org.hibernate.type.BasicTypeRegistry     : Adding type registration ZonedDateTime -> org.hibernate.type.ZonedDateTimeType@346d3d7e
2021-04-05 23:08:34.141 DEBUG 1672 --- [restartedMain] org.hibernate.type.BasicTypeRegistry     : Adding type registration java.time.ZonedDateTime -> org.hibernate.type.ZonedDateTimeType@346d3d7e
2021-04-05 23:08:34.144 DEBUG 1672 --- [restartedMain] org.hibernate.type.BasicTypeRegistry     : Adding type registration date -> org.hibernate.type.DateType@4f97cfcd
2021-04-05 23:08:34.145 DEBUG 1672 --- [restartedMain] org.hibernate.type.BasicTypeRegistry     : Adding type registration java.sql.Date -> org.hibernate.type.DateType@4f97cfcd
2021-04-05 23:08:34.147 DEBUG 1672 --- [restartedMain] org.hibernate.type.BasicTypeRegistry     : Adding type registration time -> org.hibernate.type.TimeType@43607605
2021-04-05 23:08:34.147 DEBUG 1672 --- [restartedMain] org.hibernate.type.BasicTypeRegistry     : Adding type registration java.sql.Time -> org.hibernate.type.TimeType@43607605
2021-04-05 23:08:34.150 DEBUG 1672 --- [restartedMain] org.hibernate.type.BasicTypeRegistry     : Adding type registration timestamp -> org.hibernate.type.TimestampType@533fba9d
2021-04-05 23:08:34.150 DEBUG 1672 --- [restartedMain] org.hibernate.type.BasicTypeRegistry     : Adding type registration java.sql.Timestamp -> org.hibernate.type.TimestampType@533fba9d
2021-04-05 23:08:34.151 DEBUG 1672 --- [restartedMain] org.hibernate.type.BasicTypeRegistry     : Adding type registration java.util.Date -> org.hibernate.type.TimestampType@533fba9d
2021-04-05 23:08:34.166 DEBUG 1672 --- [restartedMain] org.hibernate.type.BasicTypeRegistry     : Adding type registration dbtimestamp -> org.hibernate.type.DbTimestampType@6761912b
2021-04-05 23:08:34.168 DEBUG 1672 --- [restartedMain] org.hibernate.type.BasicTypeRegistry     : Adding type registration calendar -> org.hibernate.type.CalendarType@40869acc
2021-04-05 23:08:34.169 DEBUG 1672 --- [restartedMain] org.hibernate.type.BasicTypeRegistry     : Adding type registration java.util.Calendar -> org.hibernate.type.CalendarType@40869acc
2021-04-05 23:08:34.169 DEBUG 1672 --- [restartedMain] org.hibernate.type.BasicTypeRegistry     : Adding type registration java.util.GregorianCalendar -> org.hibernate.type.CalendarType@40869acc
2021-04-05 23:08:34.171 DEBUG 1672 --- [restartedMain] org.hibernate.type.BasicTypeRegistry     : Adding type registration calendar_date -> org.hibernate.type.CalendarDateType@1b544ccd
2021-04-05 23:08:34.172 DEBUG 1672 --- [restartedMain] org.hibernate.type.BasicTypeRegistry     : Adding type registration calendar_time -> org.hibernate.type.CalendarTimeType@aba3bb6
2021-04-05 23:08:34.175 DEBUG 1672 --- [restartedMain] org.hibernate.type.BasicTypeRegistry     : Adding type registration locale -> org.hibernate.type.LocaleType@45f65e49
2021-04-05 23:08:34.175 DEBUG 1672 --- [restartedMain] org.hibernate.type.BasicTypeRegistry     : Adding type registration java.util.Locale -> org.hibernate.type.LocaleType@45f65e49
2021-04-05 23:08:34.178 DEBUG 1672 --- [restartedMain] org.hibernate.type.BasicTypeRegistry     : Adding type registration currency -> org.hibernate.type.CurrencyType@78611d9
2021-04-05 23:08:34.179 DEBUG 1672 --- [restartedMain] org.hibernate.type.BasicTypeRegistry     : Adding type registration java.util.Currency -> org.hibernate.type.CurrencyType@78611d9
2021-04-05 23:08:34.180 DEBUG 1672 --- [restartedMain] org.hibernate.type.BasicTypeRegistry     : Adding type registration timezone -> org.hibernate.type.TimeZoneType@23d31860
2021-04-05 23:08:34.181 DEBUG 1672 --- [restartedMain] org.hibernate.type.BasicTypeRegistry     : Adding type registration java.util.TimeZone -> org.hibernate.type.TimeZoneType@23d31860
2021-04-05 23:08:34.182 DEBUG 1672 --- [restartedMain] org.hibernate.type.BasicTypeRegistry     : Adding type registration class -> org.hibernate.type.ClassType@6b4bae5c
2021-04-05 23:08:34.183 DEBUG 1672 --- [restartedMain] org.hibernate.type.BasicTypeRegistry     : Adding type registration java.lang.Class -> org.hibernate.type.ClassType@6b4bae5c
2021-04-05 23:08:34.184 DEBUG 1672 --- [restartedMain] org.hibernate.type.BasicTypeRegistry     : Adding type registration uuid-binary -> org.hibernate.type.UUIDBinaryType@4024dbdc
2021-04-05 23:08:34.185 DEBUG 1672 --- [restartedMain] org.hibernate.type.BasicTypeRegistry     : Adding type registration java.util.UUID -> org.hibernate.type.UUIDBinaryType@4024dbdc
2021-04-05 23:08:34.192 DEBUG 1672 --- [restartedMain] org.hibernate.type.BasicTypeRegistry     : Adding type registration uuid-char -> org.hibernate.type.UUIDCharType@4bcc02e9
2021-04-05 23:08:34.199 DEBUG 1672 --- [restartedMain] org.hibernate.type.BasicTypeRegistry     : Adding type registration binary -> org.hibernate.type.BinaryType@45fc3b7d
2021-04-05 23:08:34.200 DEBUG 1672 --- [restartedMain] org.hibernate.type.BasicTypeRegistry     : Adding type registration byte[] -> org.hibernate.type.BinaryType@45fc3b7d
2021-04-05 23:08:34.200 DEBUG 1672 --- [restartedMain] org.hibernate.type.BasicTypeRegistry     : Adding type registration [B -> org.hibernate.type.BinaryType@45fc3b7d
2021-04-05 23:08:34.202 DEBUG 1672 --- [restartedMain] org.hibernate.type.BasicTypeRegistry     : Adding type registration wrapper-binary -> org.hibernate.type.WrapperBinaryType@560c6abf
2021-04-05 23:08:34.203 DEBUG 1672 --- [restartedMain] org.hibernate.type.BasicTypeRegistry     : Adding type registration Byte[] -> org.hibernate.type.WrapperBinaryType@560c6abf
2021-04-05 23:08:34.203 DEBUG 1672 --- [restartedMain] org.hibernate.type.BasicTypeRegistry     : Adding type registration [Ljava.lang.Byte; -> org.hibernate.type.WrapperBinaryType@560c6abf
2021-04-05 23:08:34.205 DEBUG 1672 --- [restartedMain] org.hibernate.type.BasicTypeRegistry     : Adding type registration row_version -> org.hibernate.type.RowVersionType@2fb6bd3f
2021-04-05 23:08:34.207 DEBUG 1672 --- [restartedMain] org.hibernate.type.BasicTypeRegistry     : Adding type registration image -> org.hibernate.type.ImageType@7063b001
2021-04-05 23:08:34.215 DEBUG 1672 --- [restartedMain] org.hibernate.type.BasicTypeRegistry     : Adding type registration characters -> org.hibernate.type.CharArrayType@7242e3c8
2021-04-05 23:08:34.215 DEBUG 1672 --- [restartedMain] org.hibernate.type.BasicTypeRegistry     : Adding type registration char[] -> org.hibernate.type.CharArrayType@7242e3c8
2021-04-05 23:08:34.215 DEBUG 1672 --- [restartedMain] org.hibernate.type.BasicTypeRegistry     : Adding type registration [C -> org.hibernate.type.CharArrayType@7242e3c8
2021-04-05 23:08:34.217 DEBUG 1672 --- [restartedMain] org.hibernate.type.BasicTypeRegistry     : Adding type registration wrapper-characters -> org.hibernate.type.CharacterArrayType@2dd969f3
2021-04-05 23:08:34.217 DEBUG 1672 --- [restartedMain] org.hibernate.type.BasicTypeRegistry     : Adding type registration [Ljava.lang.Character; -> org.hibernate.type.CharacterArrayType@2dd969f3
2021-04-05 23:08:34.221 DEBUG 1672 --- [restartedMain] org.hibernate.type.BasicTypeRegistry     : Adding type registration Character[] -> org.hibernate.type.CharacterArrayType@2dd969f3
2021-04-05 23:08:34.222 DEBUG 1672 --- [restartedMain] org.hibernate.type.BasicTypeRegistry     : Adding type registration text -> org.hibernate.type.TextType@1a5de872
2021-04-05 23:08:34.224 DEBUG 1672 --- [restartedMain] org.hibernate.type.BasicTypeRegistry     : Adding type registration ntext -> org.hibernate.type.NTextType@32623355
2021-04-05 23:08:34.227 DEBUG 1672 --- [restartedMain] org.hibernate.type.BasicTypeRegistry     : Adding type registration blob -> org.hibernate.type.BlobType@75ef293c
2021-04-05 23:08:34.228 DEBUG 1672 --- [restartedMain] org.hibernate.type.BasicTypeRegistry     : Adding type registration java.sql.Blob -> org.hibernate.type.BlobType@75ef293c
2021-04-05 23:08:34.229 DEBUG 1672 --- [restartedMain] org.hibernate.type.BasicTypeRegistry     : Adding type registration materialized_blob -> org.hibernate.type.MaterializedBlobType@3f1c0dd4
2021-04-05 23:08:34.231 DEBUG 1672 --- [restartedMain] org.hibernate.type.BasicTypeRegistry     : Adding type registration clob -> org.hibernate.type.ClobType@74c154f0
2021-04-05 23:08:34.231 DEBUG 1672 --- [restartedMain] org.hibernate.type.BasicTypeRegistry     : Adding type registration java.sql.Clob -> org.hibernate.type.ClobType@74c154f0
2021-04-05 23:08:34.233 DEBUG 1672 --- [restartedMain] org.hibernate.type.BasicTypeRegistry     : Adding type registration nclob -> org.hibernate.type.NClobType@50e6b89e
2021-04-05 23:08:34.233 DEBUG 1672 --- [restartedMain] org.hibernate.type.BasicTypeRegistry     : Adding type registration java.sql.NClob -> org.hibernate.type.NClobType@50e6b89e
2021-04-05 23:08:34.233 DEBUG 1672 --- [restartedMain] org.hibernate.type.BasicTypeRegistry     : Adding type registration materialized_clob -> org.hibernate.type.MaterializedClobType@1079017d
2021-04-05 23:08:34.235 DEBUG 1672 --- [restartedMain] org.hibernate.type.BasicTypeRegistry     : Adding type registration materialized_nclob -> org.hibernate.type.MaterializedNClobType@1fda1d89
2021-04-05 23:08:34.237 DEBUG 1672 --- [restartedMain] org.hibernate.type.BasicTypeRegistry     : Adding type registration serializable -> org.hibernate.type.SerializableType@772c1804
2021-04-05 23:08:34.243 DEBUG 1672 --- [restartedMain] org.hibernate.type.BasicTypeRegistry     : Adding type registration object -> org.hibernate.type.ObjectType@3d0d0a82
2021-04-05 23:08:34.243 DEBUG 1672 --- [restartedMain] org.hibernate.type.BasicTypeRegistry     : Adding type registration java.lang.Object -> org.hibernate.type.ObjectType@3d0d0a82
2021-04-05 23:08:34.244 DEBUG 1672 --- [restartedMain] org.hibernate.type.BasicTypeRegistry     : Adding type registration imm_date -> org.hibernate.type.AdaptedImmutableType@62c11077
2021-04-05 23:08:34.246 DEBUG 1672 --- [restartedMain] org.hibernate.type.BasicTypeRegistry     : Adding type registration imm_time -> org.hibernate.type.AdaptedImmutableType@c9bb164
2021-04-05 23:08:34.247 DEBUG 1672 --- [restartedMain] org.hibernate.type.BasicTypeRegistry     : Adding type registration imm_timestamp -> org.hibernate.type.AdaptedImmutableType@151e203f
2021-04-05 23:08:34.248 DEBUG 1672 --- [restartedMain] org.hibernate.type.BasicTypeRegistry     : Adding type registration imm_dbtimestamp -> org.hibernate.type.AdaptedImmutableType@4826327f
2021-04-05 23:08:34.249 DEBUG 1672 --- [restartedMain] org.hibernate.type.BasicTypeRegistry     : Adding type registration imm_calendar -> org.hibernate.type.AdaptedImmutableType@228ec1a4
2021-04-05 23:08:34.249 DEBUG 1672 --- [restartedMain] org.hibernate.type.BasicTypeRegistry     : Adding type registration imm_calendar_date -> org.hibernate.type.AdaptedImmutableType@73cf4400
2021-04-05 23:08:34.249 DEBUG 1672 --- [restartedMain] org.hibernate.type.BasicTypeRegistry     : Adding type registration imm_binary -> org.hibernate.type.AdaptedImmutableType@17348d9e
2021-04-05 23:08:34.249 DEBUG 1672 --- [restartedMain] org.hibernate.type.BasicTypeRegistry     : Adding type registration imm_serializable -> org.hibernate.type.AdaptedImmutableType@6e78e0cd
2021-04-05 23:08:34.591  INFO 1672 --- [restartedMain] org.hibernate.dialect.Dialect            : HHH000400: Using dialect: org.hibernate.dialect.H2Dialect
2021-04-05 23:08:34.807 DEBUG 1672 --- [restartedMain] o.h.type.spi.TypeConfiguration$Scope     : Scoping TypeConfiguration [org.hibernate.type.spi.TypeConfiguration@600ac033] to MetadataBuildingContext [org.hibernate.boot.internal.MetadataBuildingContextRootImpl@2a7f0dd0]
2021-04-05 23:08:35.685 DEBUG 1672 --- [restartedMain] org.hibernate.type.EnumType              : Using ORDINAL-based conversion for Enum com.example.jpa.user.model.UserStatus
2021-04-05 23:08:35.689 DEBUG 1672 --- [restartedMain] org.hibernate.type.EnumType              : Using NAMED-based conversion for Enum com.example.jpa.user.model.UserPointType
2021-04-05 23:08:36.108 DEBUG 1672 --- [restartedMain] o.h.type.spi.TypeConfiguration$Scope     : Scoping TypeConfiguration [org.hibernate.type.spi.TypeConfiguration@600ac033] to SessionFactoryImpl [org.hibernate.internal.SessionFactoryImpl@1f00c867]
2021-04-05 23:08:37.583  INFO 1672 --- [restartedMain] o.h.e.t.j.p.i.JtaPlatformInitiator       : HHH000490: Using JtaPlatform implementation: [org.hibernate.engine.transaction.jta.platform.internal.NoJtaPlatform]
2021-04-05 23:08:37.603 TRACE 1672 --- [restartedMain] o.h.type.spi.TypeConfiguration$Scope     : Handling #sessionFactoryCreated from [org.hibernate.internal.SessionFactoryImpl@1f00c867] for TypeConfiguration
2021-04-05 23:08:37.607  INFO 1672 --- [restartedMain] j.LocalContainerEntityManagerFactoryBean : Initialized JPA EntityManagerFactory for persistence unit 'default'
2021-04-05 23:08:40.252  WARN 1672 --- [restartedMain] JpaBaseConfiguration$JpaWebConfiguration : spring.jpa.open-in-view is enabled by default. Therefore, database queries may be performed during view rendering. Explicitly configure spring.jpa.open-in-view to disable this warning
2021-04-05 23:08:40.891  INFO 1672 --- [restartedMain] .s.s.UserDetailsServiceAutoConfiguration : 

Using generated security password: 8acc2f3d-cfaa-464c-9164-c055f8a3ef49

2021-04-05 23:08:41.133  INFO 1672 --- [restartedMain] o.s.s.web.DefaultSecurityFilterChain     : Will secure any request with [org.springframework.security.web.context.request.async.WebAsyncManagerIntegrationFilter@3963a797, org.springframework.security.web.context.SecurityContextPersistenceFilter@27690db2, org.springframework.security.web.header.HeaderWriterFilter@15afa671, org.springframework.security.web.authentication.logout.LogoutFilter@4bfd6cdb, org.springframework.security.web.savedrequest.RequestCacheAwareFilter@1067a05a, org.springframework.security.web.servletapi.SecurityContextHolderAwareRequestFilter@5cb6cfef, org.springframework.security.web.authentication.AnonymousAuthenticationFilter@f05a246, org.springframework.security.web.session.SessionManagementFilter@ee65cfd, org.springframework.security.web.access.ExceptionTranslationFilter@2d7a9aee, org.springframework.security.web.access.intercept.FilterSecurityInterceptor@514a335c]
2021-04-05 23:08:41.572  INFO 1672 --- [restartedMain] o.s.s.concurrent.ThreadPoolTaskExecutor  : Initializing ExecutorService 'applicationTaskExecutor'
2021-04-05 23:08:42.422  INFO 1672 --- [restartedMain] o.s.b.w.embedded.tomcat.TomcatWebServer  : Tomcat started on port(s): 8080 (http) with context path ''
2021-04-05 23:08:42.444  INFO 1672 --- [restartedMain] com.example.jpa.SampleApplication        : Started SampleApplication in 14.114 seconds (JVM running for 14.975)
2021-04-05 23:08:54.750  INFO 1672 --- [SpringContextShutdownHook] o.s.s.concurrent.ThreadPoolTaskExecutor  : Shutting down ExecutorService 'applicationTaskExecutor'
2021-04-05 23:08:54.761  INFO 1672 --- [SpringContextShutdownHook] j.LocalContainerEntityManagerFactoryBean : Closing JPA EntityManagerFactory for persistence unit 'default'
2021-04-05 23:08:54.761 TRACE 1672 --- [SpringContextShutdownHook] o.h.type.spi.TypeConfiguration$Scope     : Handling #sessionFactoryClosed from [org.hibernate.internal.SessionFactoryImpl@1f00c867] for TypeConfiguration
2021-04-05 23:08:54.762 DEBUG 1672 --- [SpringContextShutdownHook] o.h.type.spi.TypeConfiguration$Scope     : Un-scoping TypeConfiguration [org.hibernate.type.spi.TypeConfiguration$Scope@23e7fc84] from SessionFactory [org.hibernate.internal.SessionFactoryImpl@1f00c867]
2021-04-05 23:08:54.995  WARN 1672 --- [SpringContextShutdownHook] o.s.b.f.support.DisposableBeanAdapter    : Invocation of destroy method failed on bean with name 'inMemoryDatabaseShutdownExecutor': org.h2.jdbc.JdbcSQLNonTransientConnectionException: Database is already closed (to disable automatic closing at VM shutdown, add ";DB_CLOSE_ON_EXIT=FALSE" to the db URL) [90121-200]
2021-04-05 23:08:54.996  INFO 1672 --- [SpringContextShutdownHook] com.zaxxer.hikari.HikariDataSource       : HikariPool-1 - Shutdown initiated...
2021-04-05 23:08:55.004  INFO 1672 --- [SpringContextShutdownHook] com.zaxxer.hikari.HikariDataSource       : HikariPool-1 - Shutdown completed.
2021-04-05 23:09:00.852  INFO 1682 --- [restartedMain] com.example.jpa.SampleApplication        : Starting SampleApplication using Java 11.0.2 on macui-MacBookAir.local with PID 1682 (/Users/mac/Desktop/spring boot2/JPA/ch4/build/classes/java/main started by mac in /Users/mac/Desktop/spring boot2/JPA/ch4)
2021-04-05 23:09:00.859  INFO 1682 --- [restartedMain] com.example.jpa.SampleApplication        : No active profile set, falling back to default profiles: default
2021-04-05 23:09:01.075  INFO 1682 --- [restartedMain] .e.DevToolsPropertyDefaultsPostProcessor : Devtools property defaults active! Set 'spring.devtools.add-properties' to 'false' to disable
2021-04-05 23:09:01.075  INFO 1682 --- [restartedMain] .e.DevToolsPropertyDefaultsPostProcessor : For additional web related logging consider setting the 'logging.level.web' property to 'DEBUG'
2021-04-05 23:09:02.854  INFO 1682 --- [restartedMain] .s.d.r.c.RepositoryConfigurationDelegate : Bootstrapping Spring Data JPA repositories in DEFAULT mode.
2021-04-05 23:09:03.200  INFO 1682 --- [restartedMain] .s.d.r.c.RepositoryConfigurationDelegate : Finished Spring Data repository scanning in 328 ms. Found 15 JPA repository interfaces.
2021-04-05 23:09:05.107  INFO 1682 --- [restartedMain] o.s.b.w.embedded.tomcat.TomcatWebServer  : Tomcat initialized with port(s): 8080 (http)
2021-04-05 23:09:05.141  INFO 1682 --- [restartedMain] o.apache.catalina.core.StandardService   : Starting service [Tomcat]
2021-04-05 23:09:05.144  INFO 1682 --- [restartedMain] org.apache.catalina.core.StandardEngine  : Starting Servlet engine: [Apache Tomcat/9.0.41]
2021-04-05 23:09:05.316  INFO 1682 --- [restartedMain] o.a.c.c.C.[Tomcat].[localhost].[/]       : Initializing Spring embedded WebApplicationContext
2021-04-05 23:09:05.317  INFO 1682 --- [restartedMain] w.s.c.ServletWebServerApplicationContext : Root WebApplicationContext: initialization completed in 4241 ms
2021-04-05 23:09:05.466  INFO 1682 --- [restartedMain] com.zaxxer.hikari.HikariDataSource       : HikariPool-1 - Starting...
2021-04-05 23:09:05.798  INFO 1682 --- [restartedMain] com.zaxxer.hikari.HikariDataSource       : HikariPool-1 - Start completed.
2021-04-05 23:09:06.057  INFO 1682 --- [restartedMain] o.s.b.a.h2.H2ConsoleAutoConfiguration    : H2 console available at '/h2-console'. Database available at 'jdbc:h2:mem:backofficeDb'
2021-04-05 23:09:06.301  INFO 1682 --- [restartedMain] o.s.b.d.a.OptionalLiveReloadServer       : LiveReload server is running on port 35729
2021-04-05 23:09:06.517  INFO 1682 --- [restartedMain] o.hibernate.jpa.internal.util.LogHelper  : HHH000204: Processing PersistenceUnitInfo [name: default]
2021-04-05 23:09:06.614  INFO 1682 --- [restartedMain] org.hibernate.Version                    : HHH000412: Hibernate ORM core version 5.4.27.Final
2021-04-05 23:09:07.113  INFO 1682 --- [restartedMain] o.hibernate.annotations.common.Version   : HCANN000001: Hibernate Commons Annotations {5.1.2.Final}
2021-04-05 23:09:07.176 DEBUG 1682 --- [restartedMain] org.hibernate.type.BasicTypeRegistry     : Adding type registration boolean -> org.hibernate.type.BooleanType@4e1da58
2021-04-05 23:09:07.177 DEBUG 1682 --- [restartedMain] org.hibernate.type.BasicTypeRegistry     : Adding type registration boolean -> org.hibernate.type.BooleanType@4e1da58
2021-04-05 23:09:07.178 DEBUG 1682 --- [restartedMain] org.hibernate.type.BasicTypeRegistry     : Adding type registration java.lang.Boolean -> org.hibernate.type.BooleanType@4e1da58
2021-04-05 23:09:07.180 DEBUG 1682 --- [restartedMain] org.hibernate.type.BasicTypeRegistry     : Adding type registration numeric_boolean -> org.hibernate.type.NumericBooleanType@1faacee7
2021-04-05 23:09:07.181 DEBUG 1682 --- [restartedMain] org.hibernate.type.BasicTypeRegistry     : Adding type registration true_false -> org.hibernate.type.TrueFalseType@3704d17c
2021-04-05 23:09:07.185 DEBUG 1682 --- [restartedMain] org.hibernate.type.BasicTypeRegistry     : Adding type registration yes_no -> org.hibernate.type.YesNoType@722431fe
2021-04-05 23:09:07.187 DEBUG 1682 --- [restartedMain] org.hibernate.type.BasicTypeRegistry     : Adding type registration byte -> org.hibernate.type.ByteType@32a1f95
2021-04-05 23:09:07.187 DEBUG 1682 --- [restartedMain] org.hibernate.type.BasicTypeRegistry     : Adding type registration byte -> org.hibernate.type.ByteType@32a1f95
2021-04-05 23:09:07.188 DEBUG 1682 --- [restartedMain] org.hibernate.type.BasicTypeRegistry     : Adding type registration java.lang.Byte -> org.hibernate.type.ByteType@32a1f95
2021-04-05 23:09:07.189 DEBUG 1682 --- [restartedMain] org.hibernate.type.BasicTypeRegistry     : Adding type registration character -> org.hibernate.type.CharacterType@4cd6e80
2021-04-05 23:09:07.190 DEBUG 1682 --- [restartedMain] org.hibernate.type.BasicTypeRegistry     : Adding type registration char -> org.hibernate.type.CharacterType@4cd6e80
2021-04-05 23:09:07.191 DEBUG 1682 --- [restartedMain] org.hibernate.type.BasicTypeRegistry     : Adding type registration java.lang.Character -> org.hibernate.type.CharacterType@4cd6e80
2021-04-05 23:09:07.193 DEBUG 1682 --- [restartedMain] org.hibernate.type.BasicTypeRegistry     : Adding type registration short -> org.hibernate.type.ShortType@6cc17867
2021-04-05 23:09:07.193 DEBUG 1682 --- [restartedMain] org.hibernate.type.BasicTypeRegistry     : Adding type registration short -> org.hibernate.type.ShortType@6cc17867
2021-04-05 23:09:07.194 DEBUG 1682 --- [restartedMain] org.hibernate.type.BasicTypeRegistry     : Adding type registration java.lang.Short -> org.hibernate.type.ShortType@6cc17867
2021-04-05 23:09:07.196 DEBUG 1682 --- [restartedMain] org.hibernate.type.BasicTypeRegistry     : Adding type registration integer -> org.hibernate.type.IntegerType@2cedf758
2021-04-05 23:09:07.196 DEBUG 1682 --- [restartedMain] org.hibernate.type.BasicTypeRegistry     : Adding type registration int -> org.hibernate.type.IntegerType@2cedf758
2021-04-05 23:09:07.197 DEBUG 1682 --- [restartedMain] org.hibernate.type.BasicTypeRegistry     : Adding type registration java.lang.Integer -> org.hibernate.type.IntegerType@2cedf758
2021-04-05 23:09:07.199 DEBUG 1682 --- [restartedMain] org.hibernate.type.BasicTypeRegistry     : Adding type registration long -> org.hibernate.type.LongType@60d42e81
2021-04-05 23:09:07.200 DEBUG 1682 --- [restartedMain] org.hibernate.type.BasicTypeRegistry     : Adding type registration long -> org.hibernate.type.LongType@60d42e81
2021-04-05 23:09:07.201 DEBUG 1682 --- [restartedMain] org.hibernate.type.BasicTypeRegistry     : Adding type registration java.lang.Long -> org.hibernate.type.LongType@60d42e81
2021-04-05 23:09:07.203 DEBUG 1682 --- [restartedMain] org.hibernate.type.BasicTypeRegistry     : Adding type registration float -> org.hibernate.type.FloatType@4de37daa
2021-04-05 23:09:07.203 DEBUG 1682 --- [restartedMain] org.hibernate.type.BasicTypeRegistry     : Adding type registration float -> org.hibernate.type.FloatType@4de37daa
2021-04-05 23:09:07.203 DEBUG 1682 --- [restartedMain] org.hibernate.type.BasicTypeRegistry     : Adding type registration java.lang.Float -> org.hibernate.type.FloatType@4de37daa
2021-04-05 23:09:07.205 DEBUG 1682 --- [restartedMain] org.hibernate.type.BasicTypeRegistry     : Adding type registration double -> org.hibernate.type.DoubleType@1e8d9be3
2021-04-05 23:09:07.206 DEBUG 1682 --- [restartedMain] org.hibernate.type.BasicTypeRegistry     : Adding type registration double -> org.hibernate.type.DoubleType@1e8d9be3
2021-04-05 23:09:07.206 DEBUG 1682 --- [restartedMain] org.hibernate.type.BasicTypeRegistry     : Adding type registration java.lang.Double -> org.hibernate.type.DoubleType@1e8d9be3
2021-04-05 23:09:07.208 DEBUG 1682 --- [restartedMain] org.hibernate.type.BasicTypeRegistry     : Adding type registration big_decimal -> org.hibernate.type.BigDecimalType@78b66
2021-04-05 23:09:07.209 DEBUG 1682 --- [restartedMain] org.hibernate.type.BasicTypeRegistry     : Adding type registration java.math.BigDecimal -> org.hibernate.type.BigDecimalType@78b66
2021-04-05 23:09:07.212 DEBUG 1682 --- [restartedMain] org.hibernate.type.BasicTypeRegistry     : Adding type registration big_integer -> org.hibernate.type.BigIntegerType@70760335
2021-04-05 23:09:07.212 DEBUG 1682 --- [restartedMain] org.hibernate.type.BasicTypeRegistry     : Adding type registration java.math.BigInteger -> org.hibernate.type.BigIntegerType@70760335
2021-04-05 23:09:07.214 DEBUG 1682 --- [restartedMain] org.hibernate.type.BasicTypeRegistry     : Adding type registration string -> org.hibernate.type.StringType@7eddef67
2021-04-05 23:09:07.215 DEBUG 1682 --- [restartedMain] org.hibernate.type.BasicTypeRegistry     : Adding type registration java.lang.String -> org.hibernate.type.StringType@7eddef67
2021-04-05 23:09:07.217 DEBUG 1682 --- [restartedMain] org.hibernate.type.BasicTypeRegistry     : Adding type registration nstring -> org.hibernate.type.StringNVarcharType@351cc1f2
2021-04-05 23:09:07.219 DEBUG 1682 --- [restartedMain] org.hibernate.type.BasicTypeRegistry     : Adding type registration ncharacter -> org.hibernate.type.CharacterNCharType@1522aeec
2021-04-05 23:09:07.221 DEBUG 1682 --- [restartedMain] org.hibernate.type.BasicTypeRegistry     : Adding type registration url -> org.hibernate.type.UrlType@f436147
2021-04-05 23:09:07.221 DEBUG 1682 --- [restartedMain] org.hibernate.type.BasicTypeRegistry     : Adding type registration java.net.URL -> org.hibernate.type.UrlType@f436147
2021-04-05 23:09:07.223 DEBUG 1682 --- [restartedMain] org.hibernate.type.BasicTypeRegistry     : Adding type registration Duration -> org.hibernate.type.DurationType@3a9e65a3
2021-04-05 23:09:07.224 DEBUG 1682 --- [restartedMain] org.hibernate.type.BasicTypeRegistry     : Adding type registration java.time.Duration -> org.hibernate.type.DurationType@3a9e65a3
2021-04-05 23:09:07.227 DEBUG 1682 --- [restartedMain] org.hibernate.type.BasicTypeRegistry     : Adding type registration Instant -> org.hibernate.type.InstantType@4840e2c0
2021-04-05 23:09:07.229 DEBUG 1682 --- [restartedMain] org.hibernate.type.BasicTypeRegistry     : Adding type registration java.time.Instant -> org.hibernate.type.InstantType@4840e2c0
2021-04-05 23:09:07.236 DEBUG 1682 --- [restartedMain] org.hibernate.type.BasicTypeRegistry     : Adding type registration LocalDateTime -> org.hibernate.type.LocalDateTimeType@1dcf38e3
2021-04-05 23:09:07.236 DEBUG 1682 --- [restartedMain] org.hibernate.type.BasicTypeRegistry     : Adding type registration java.time.LocalDateTime -> org.hibernate.type.LocalDateTimeType@1dcf38e3
2021-04-05 23:09:07.238 DEBUG 1682 --- [restartedMain] org.hibernate.type.BasicTypeRegistry     : Adding type registration LocalDate -> org.hibernate.type.LocalDateType@517e83f9
2021-04-05 23:09:07.239 DEBUG 1682 --- [restartedMain] org.hibernate.type.BasicTypeRegistry     : Adding type registration java.time.LocalDate -> org.hibernate.type.LocalDateType@517e83f9
2021-04-05 23:09:07.241 DEBUG 1682 --- [restartedMain] org.hibernate.type.BasicTypeRegistry     : Adding type registration LocalTime -> org.hibernate.type.LocalTimeType@6ddaa5cf
2021-04-05 23:09:07.242 DEBUG 1682 --- [restartedMain] org.hibernate.type.BasicTypeRegistry     : Adding type registration java.time.LocalTime -> org.hibernate.type.LocalTimeType@6ddaa5cf
2021-04-05 23:09:07.244 DEBUG 1682 --- [restartedMain] org.hibernate.type.BasicTypeRegistry     : Adding type registration OffsetDateTime -> org.hibernate.type.OffsetDateTimeType@689d2a0a
2021-04-05 23:09:07.245 DEBUG 1682 --- [restartedMain] org.hibernate.type.BasicTypeRegistry     : Adding type registration java.time.OffsetDateTime -> org.hibernate.type.OffsetDateTimeType@689d2a0a
2021-04-05 23:09:07.247 DEBUG 1682 --- [restartedMain] org.hibernate.type.BasicTypeRegistry     : Adding type registration OffsetTime -> org.hibernate.type.OffsetTimeType@6390a54c
2021-04-05 23:09:07.248 DEBUG 1682 --- [restartedMain] org.hibernate.type.BasicTypeRegistry     : Adding type registration java.time.OffsetTime -> org.hibernate.type.OffsetTimeType@6390a54c
2021-04-05 23:09:07.251 DEBUG 1682 --- [restartedMain] org.hibernate.type.BasicTypeRegistry     : Adding type registration ZonedDateTime -> org.hibernate.type.ZonedDateTimeType@30a390a5
2021-04-05 23:09:07.252 DEBUG 1682 --- [restartedMain] org.hibernate.type.BasicTypeRegistry     : Adding type registration java.time.ZonedDateTime -> org.hibernate.type.ZonedDateTimeType@30a390a5
2021-04-05 23:09:07.254 DEBUG 1682 --- [restartedMain] org.hibernate.type.BasicTypeRegistry     : Adding type registration date -> org.hibernate.type.DateType@47b00c05
2021-04-05 23:09:07.255 DEBUG 1682 --- [restartedMain] org.hibernate.type.BasicTypeRegistry     : Adding type registration java.sql.Date -> org.hibernate.type.DateType@47b00c05
2021-04-05 23:09:07.257 DEBUG 1682 --- [restartedMain] org.hibernate.type.BasicTypeRegistry     : Adding type registration time -> org.hibernate.type.TimeType@7aaaf8ce
2021-04-05 23:09:07.257 DEBUG 1682 --- [restartedMain] org.hibernate.type.BasicTypeRegistry     : Adding type registration java.sql.Time -> org.hibernate.type.TimeType@7aaaf8ce
2021-04-05 23:09:07.260 DEBUG 1682 --- [restartedMain] org.hibernate.type.BasicTypeRegistry     : Adding type registration timestamp -> org.hibernate.type.TimestampType@54d259f0
2021-04-05 23:09:07.260 DEBUG 1682 --- [restartedMain] org.hibernate.type.BasicTypeRegistry     : Adding type registration java.sql.Timestamp -> org.hibernate.type.TimestampType@54d259f0
2021-04-05 23:09:07.260 DEBUG 1682 --- [restartedMain] org.hibernate.type.BasicTypeRegistry     : Adding type registration java.util.Date -> org.hibernate.type.TimestampType@54d259f0
2021-04-05 23:09:07.263 DEBUG 1682 --- [restartedMain] org.hibernate.type.BasicTypeRegistry     : Adding type registration dbtimestamp -> org.hibernate.type.DbTimestampType@2832747a
2021-04-05 23:09:07.265 DEBUG 1682 --- [restartedMain] org.hibernate.type.BasicTypeRegistry     : Adding type registration calendar -> org.hibernate.type.CalendarType@a70031d
2021-04-05 23:09:07.265 DEBUG 1682 --- [restartedMain] org.hibernate.type.BasicTypeRegistry     : Adding type registration java.util.Calendar -> org.hibernate.type.CalendarType@a70031d
2021-04-05 23:09:07.265 DEBUG 1682 --- [restartedMain] org.hibernate.type.BasicTypeRegistry     : Adding type registration java.util.GregorianCalendar -> org.hibernate.type.CalendarType@a70031d
2021-04-05 23:09:07.266 DEBUG 1682 --- [restartedMain] org.hibernate.type.BasicTypeRegistry     : Adding type registration calendar_date -> org.hibernate.type.CalendarDateType@6f4e1142
2021-04-05 23:09:07.269 DEBUG 1682 --- [restartedMain] org.hibernate.type.BasicTypeRegistry     : Adding type registration calendar_time -> org.hibernate.type.CalendarTimeType@1df0658d
2021-04-05 23:09:07.270 DEBUG 1682 --- [restartedMain] org.hibernate.type.BasicTypeRegistry     : Adding type registration locale -> org.hibernate.type.LocaleType@491575b5
2021-04-05 23:09:07.270 DEBUG 1682 --- [restartedMain] org.hibernate.type.BasicTypeRegistry     : Adding type registration java.util.Locale -> org.hibernate.type.LocaleType@491575b5
2021-04-05 23:09:07.274 DEBUG 1682 --- [restartedMain] org.hibernate.type.BasicTypeRegistry     : Adding type registration currency -> org.hibernate.type.CurrencyType@6d9edd3f
2021-04-05 23:09:07.274 DEBUG 1682 --- [restartedMain] org.hibernate.type.BasicTypeRegistry     : Adding type registration java.util.Currency -> org.hibernate.type.CurrencyType@6d9edd3f
2021-04-05 23:09:07.275 DEBUG 1682 --- [restartedMain] org.hibernate.type.BasicTypeRegistry     : Adding type registration timezone -> org.hibernate.type.TimeZoneType@2569b766
2021-04-05 23:09:07.276 DEBUG 1682 --- [restartedMain] org.hibernate.type.BasicTypeRegistry     : Adding type registration java.util.TimeZone -> org.hibernate.type.TimeZoneType@2569b766
2021-04-05 23:09:07.277 DEBUG 1682 --- [restartedMain] org.hibernate.type.BasicTypeRegistry     : Adding type registration class -> org.hibernate.type.ClassType@32105428
2021-04-05 23:09:07.277 DEBUG 1682 --- [restartedMain] org.hibernate.type.BasicTypeRegistry     : Adding type registration java.lang.Class -> org.hibernate.type.ClassType@32105428
2021-04-05 23:09:07.278 DEBUG 1682 --- [restartedMain] org.hibernate.type.BasicTypeRegistry     : Adding type registration uuid-binary -> org.hibernate.type.UUIDBinaryType@7f5e0dd6
2021-04-05 23:09:07.279 DEBUG 1682 --- [restartedMain] org.hibernate.type.BasicTypeRegistry     : Adding type registration java.util.UUID -> org.hibernate.type.UUIDBinaryType@7f5e0dd6
2021-04-05 23:09:07.280 DEBUG 1682 --- [restartedMain] org.hibernate.type.BasicTypeRegistry     : Adding type registration uuid-char -> org.hibernate.type.UUIDCharType@3a2b8ffa
2021-04-05 23:09:07.281 DEBUG 1682 --- [restartedMain] org.hibernate.type.BasicTypeRegistry     : Adding type registration binary -> org.hibernate.type.BinaryType@607121e1
2021-04-05 23:09:07.282 DEBUG 1682 --- [restartedMain] org.hibernate.type.BasicTypeRegistry     : Adding type registration byte[] -> org.hibernate.type.BinaryType@607121e1
2021-04-05 23:09:07.282 DEBUG 1682 --- [restartedMain] org.hibernate.type.BasicTypeRegistry     : Adding type registration [B -> org.hibernate.type.BinaryType@607121e1
2021-04-05 23:09:07.285 DEBUG 1682 --- [restartedMain] org.hibernate.type.BasicTypeRegistry     : Adding type registration wrapper-binary -> org.hibernate.type.WrapperBinaryType@679f5b98
2021-04-05 23:09:07.285 DEBUG 1682 --- [restartedMain] org.hibernate.type.BasicTypeRegistry     : Adding type registration Byte[] -> org.hibernate.type.WrapperBinaryType@679f5b98
2021-04-05 23:09:07.285 DEBUG 1682 --- [restartedMain] org.hibernate.type.BasicTypeRegistry     : Adding type registration [Ljava.lang.Byte; -> org.hibernate.type.WrapperBinaryType@679f5b98
2021-04-05 23:09:07.289 DEBUG 1682 --- [restartedMain] org.hibernate.type.BasicTypeRegistry     : Adding type registration row_version -> org.hibernate.type.RowVersionType@335b2441
2021-04-05 23:09:07.289 DEBUG 1682 --- [restartedMain] org.hibernate.type.BasicTypeRegistry     : Adding type registration image -> org.hibernate.type.ImageType@751d6731
2021-04-05 23:09:07.291 DEBUG 1682 --- [restartedMain] org.hibernate.type.BasicTypeRegistry     : Adding type registration characters -> org.hibernate.type.CharArrayType@5c368d81
2021-04-05 23:09:07.291 DEBUG 1682 --- [restartedMain] org.hibernate.type.BasicTypeRegistry     : Adding type registration char[] -> org.hibernate.type.CharArrayType@5c368d81
2021-04-05 23:09:07.292 DEBUG 1682 --- [restartedMain] org.hibernate.type.BasicTypeRegistry     : Adding type registration [C -> org.hibernate.type.CharArrayType@5c368d81
2021-04-05 23:09:07.293 DEBUG 1682 --- [restartedMain] org.hibernate.type.BasicTypeRegistry     : Adding type registration wrapper-characters -> org.hibernate.type.CharacterArrayType@75ce7a89
2021-04-05 23:09:07.294 DEBUG 1682 --- [restartedMain] org.hibernate.type.BasicTypeRegistry     : Adding type registration [Ljava.lang.Character; -> org.hibernate.type.CharacterArrayType@75ce7a89
2021-04-05 23:09:07.294 DEBUG 1682 --- [restartedMain] org.hibernate.type.BasicTypeRegistry     : Adding type registration Character[] -> org.hibernate.type.CharacterArrayType@75ce7a89
2021-04-05 23:09:07.295 DEBUG 1682 --- [restartedMain] org.hibernate.type.BasicTypeRegistry     : Adding type registration text -> org.hibernate.type.TextType@18e8eaeb
2021-04-05 23:09:07.296 DEBUG 1682 --- [restartedMain] org.hibernate.type.BasicTypeRegistry     : Adding type registration ntext -> org.hibernate.type.NTextType@4d1bca37
2021-04-05 23:09:07.298 DEBUG 1682 --- [restartedMain] org.hibernate.type.BasicTypeRegistry     : Adding type registration blob -> org.hibernate.type.BlobType@26b174dd
2021-04-05 23:09:07.299 DEBUG 1682 --- [restartedMain] org.hibernate.type.BasicTypeRegistry     : Adding type registration java.sql.Blob -> org.hibernate.type.BlobType@26b174dd
2021-04-05 23:09:07.300 DEBUG 1682 --- [restartedMain] org.hibernate.type.BasicTypeRegistry     : Adding type registration materialized_blob -> org.hibernate.type.MaterializedBlobType@7f1c6bd5
2021-04-05 23:09:07.302 DEBUG 1682 --- [restartedMain] org.hibernate.type.BasicTypeRegistry     : Adding type registration clob -> org.hibernate.type.ClobType@64d1469
2021-04-05 23:09:07.303 DEBUG 1682 --- [restartedMain] org.hibernate.type.BasicTypeRegistry     : Adding type registration java.sql.Clob -> org.hibernate.type.ClobType@64d1469
2021-04-05 23:09:07.305 DEBUG 1682 --- [restartedMain] org.hibernate.type.BasicTypeRegistry     : Adding type registration nclob -> org.hibernate.type.NClobType@396555fb
2021-04-05 23:09:07.306 DEBUG 1682 --- [restartedMain] org.hibernate.type.BasicTypeRegistry     : Adding type registration java.sql.NClob -> org.hibernate.type.NClobType@396555fb
2021-04-05 23:09:07.307 DEBUG 1682 --- [restartedMain] org.hibernate.type.BasicTypeRegistry     : Adding type registration materialized_clob -> org.hibernate.type.MaterializedClobType@50b41b80
2021-04-05 23:09:07.308 DEBUG 1682 --- [restartedMain] org.hibernate.type.BasicTypeRegistry     : Adding type registration materialized_nclob -> org.hibernate.type.MaterializedNClobType@3891a7f2
2021-04-05 23:09:07.310 DEBUG 1682 --- [restartedMain] org.hibernate.type.BasicTypeRegistry     : Adding type registration serializable -> org.hibernate.type.SerializableType@26d22c94
2021-04-05 23:09:07.316 DEBUG 1682 --- [restartedMain] org.hibernate.type.BasicTypeRegistry     : Adding type registration object -> org.hibernate.type.ObjectType@2c57ccc3
2021-04-05 23:09:07.316 DEBUG 1682 --- [restartedMain] org.hibernate.type.BasicTypeRegistry     : Adding type registration java.lang.Object -> org.hibernate.type.ObjectType@2c57ccc3
2021-04-05 23:09:07.317 DEBUG 1682 --- [restartedMain] org.hibernate.type.BasicTypeRegistry     : Adding type registration imm_date -> org.hibernate.type.AdaptedImmutableType@3e9a4607
2021-04-05 23:09:07.318 DEBUG 1682 --- [restartedMain] org.hibernate.type.BasicTypeRegistry     : Adding type registration imm_time -> org.hibernate.type.AdaptedImmutableType@2a19dfc9
2021-04-05 23:09:07.318 DEBUG 1682 --- [restartedMain] org.hibernate.type.BasicTypeRegistry     : Adding type registration imm_timestamp -> org.hibernate.type.AdaptedImmutableType@458a60f1
2021-04-05 23:09:07.318 DEBUG 1682 --- [restartedMain] org.hibernate.type.BasicTypeRegistry     : Adding type registration imm_dbtimestamp -> org.hibernate.type.AdaptedImmutableType@24e67b59
2021-04-05 23:09:07.318 DEBUG 1682 --- [restartedMain] org.hibernate.type.BasicTypeRegistry     : Adding type registration imm_calendar -> org.hibernate.type.AdaptedImmutableType@48a0bbbc
2021-04-05 23:09:07.318 DEBUG 1682 --- [restartedMain] org.hibernate.type.BasicTypeRegistry     : Adding type registration imm_calendar_date -> org.hibernate.type.AdaptedImmutableType@2ca3c2f6
2021-04-05 23:09:07.318 DEBUG 1682 --- [restartedMain] org.hibernate.type.BasicTypeRegistry     : Adding type registration imm_binary -> org.hibernate.type.AdaptedImmutableType@3a38b27b
2021-04-05 23:09:07.319 DEBUG 1682 --- [restartedMain] org.hibernate.type.BasicTypeRegistry     : Adding type registration imm_serializable -> org.hibernate.type.AdaptedImmutableType@2d932ad6
2021-04-05 23:09:07.665  INFO 1682 --- [restartedMain] org.hibernate.dialect.Dialect            : HHH000400: Using dialect: org.hibernate.dialect.H2Dialect
2021-04-05 23:09:07.827 DEBUG 1682 --- [restartedMain] o.h.type.spi.TypeConfiguration$Scope     : Scoping TypeConfiguration [org.hibernate.type.spi.TypeConfiguration@11c197c4] to MetadataBuildingContext [org.hibernate.boot.internal.MetadataBuildingContextRootImpl@18d55c2f]
2021-04-05 23:09:08.224 DEBUG 1682 --- [restartedMain] org.hibernate.type.EnumType              : Using ORDINAL-based conversion for Enum com.example.jpa.user.model.UserStatus
2021-04-05 23:09:08.229 DEBUG 1682 --- [restartedMain] org.hibernate.type.EnumType              : Using NAMED-based conversion for Enum com.example.jpa.user.model.UserPointType
2021-04-05 23:09:08.582 DEBUG 1682 --- [restartedMain] o.h.type.spi.TypeConfiguration$Scope     : Scoping TypeConfiguration [org.hibernate.type.spi.TypeConfiguration@11c197c4] to SessionFactoryImpl [org.hibernate.internal.SessionFactoryImpl@59e4f393]
2021-04-05 23:09:09.572  INFO 1682 --- [restartedMain] o.h.e.t.j.p.i.JtaPlatformInitiator       : HHH000490: Using JtaPlatform implementation: [org.hibernate.engine.transaction.jta.platform.internal.NoJtaPlatform]
2021-04-05 23:09:09.584 TRACE 1682 --- [restartedMain] o.h.type.spi.TypeConfiguration$Scope     : Handling #sessionFactoryCreated from [org.hibernate.internal.SessionFactoryImpl@59e4f393] for TypeConfiguration
2021-04-05 23:09:09.586  INFO 1682 --- [restartedMain] j.LocalContainerEntityManagerFactoryBean : Initialized JPA EntityManagerFactory for persistence unit 'default'
2021-04-05 23:09:11.724  WARN 1682 --- [restartedMain] JpaBaseConfiguration$JpaWebConfiguration : spring.jpa.open-in-view is enabled by default. Therefore, database queries may be performed during view rendering. Explicitly configure spring.jpa.open-in-view to disable this warning
2021-04-05 23:09:12.235  INFO 1682 --- [restartedMain] .s.s.UserDetailsServiceAutoConfiguration : 

Using generated security password: a56d7f92-fb59-46b3-a909-06988eb3c1a4

2021-04-05 23:09:12.406  INFO 1682 --- [restartedMain] o.s.s.web.DefaultSecurityFilterChain     : Will secure any request with [org.springframework.security.web.context.request.async.WebAsyncManagerIntegrationFilter@7808f25d, org.springframework.security.web.context.SecurityContextPersistenceFilter@b692e91, org.springframework.security.web.header.HeaderWriterFilter@4f6ed3b9, org.springframework.security.web.authentication.logout.LogoutFilter@7d58e37f, org.springframework.security.web.savedrequest.RequestCacheAwareFilter@1e722eb4, org.springframework.security.web.servletapi.SecurityContextHolderAwareRequestFilter@18f162ed, org.springframework.security.web.authentication.AnonymousAuthenticationFilter@7e623ace, org.springframework.security.web.session.SessionManagementFilter@67ff4cc7, org.springframework.security.web.access.ExceptionTranslationFilter@ce021f2, org.springframework.security.web.access.intercept.FilterSecurityInterceptor@7468c076]
2021-04-05 23:09:12.778  INFO 1682 --- [restartedMain] o.s.s.concurrent.ThreadPoolTaskExecutor  : Initializing ExecutorService 'applicationTaskExecutor'
2021-04-05 23:09:13.328  INFO 1682 --- [restartedMain] o.s.b.w.embedded.tomcat.TomcatWebServer  : Tomcat started on port(s): 8080 (http) with context path ''
2021-04-05 23:09:13.348  INFO 1682 --- [restartedMain] com.example.jpa.SampleApplication        : Started SampleApplication in 13.588 seconds (JVM running for 14.741)
2021-04-05 23:09:20.543  INFO 1682 --- [http-nio-8080-exec-2] o.a.c.c.C.[Tomcat].[localhost].[/]       : Initializing Spring DispatcherServlet 'dispatcherServlet'
2021-04-05 23:09:20.549  INFO 1682 --- [http-nio-8080-exec-2] o.s.web.servlet.DispatcherServlet        : Initializing Servlet 'dispatcherServlet'
2021-04-05 23:09:20.551  INFO 1682 --- [http-nio-8080-exec-2] o.s.web.servlet.DispatcherServlet        : Completed initialization in 1 ms
2021-04-05 23:09:40.056  INFO 1682 --- [SpringContextShutdownHook] o.s.s.concurrent.ThreadPoolTaskExecutor  : Shutting down ExecutorService 'applicationTaskExecutor'
2021-04-05 23:09:40.066  INFO 1682 --- [SpringContextShutdownHook] j.LocalContainerEntityManagerFactoryBean : Closing JPA EntityManagerFactory for persistence unit 'default'
2021-04-05 23:09:40.067 TRACE 1682 --- [SpringContextShutdownHook] o.h.type.spi.TypeConfiguration$Scope     : Handling #sessionFactoryClosed from [org.hibernate.internal.SessionFactoryImpl@59e4f393] for TypeConfiguration
2021-04-05 23:09:40.067 DEBUG 1682 --- [SpringContextShutdownHook] o.h.type.spi.TypeConfiguration$Scope     : Un-scoping TypeConfiguration [org.hibernate.type.spi.TypeConfiguration$Scope@7615a143] from SessionFactory [org.hibernate.internal.SessionFactoryImpl@59e4f393]
2021-04-05 23:09:40.291  WARN 1682 --- [SpringContextShutdownHook] o.s.b.f.support.DisposableBeanAdapter    : Invocation of destroy method failed on bean with name 'inMemoryDatabaseShutdownExecutor': org.h2.jdbc.JdbcSQLNonTransientConnectionException: Database is already closed (to disable automatic closing at VM shutdown, add ";DB_CLOSE_ON_EXIT=FALSE" to the db URL) [90121-200]
2021-04-05 23:09:40.293  INFO 1682 --- [SpringContextShutdownHook] com.zaxxer.hikari.HikariDataSource       : HikariPool-1 - Shutdown initiated...
2021-04-05 23:09:40.302  INFO 1682 --- [SpringContextShutdownHook] com.zaxxer.hikari.HikariDataSource       : HikariPool-1 - Shutdown completed.
